<?xml version="1.0" encoding="UTF-8"?>
<robot generator="Robot 5.0 (Python 3.9.8 on win32)" generated="20220420 17:22:53.397" rpa="false" schemaversion="3">
<suite id="s1" name="FarmEasy" source="C:\Users\Dell\PycharmProjects\FarmEasy-Automation-using-Robot\Tests\FarmEasy\FunctionalTestSuite\FarmEasy.robot">
<test id="s1-t1" name="user login test case" line="16">
<kw name="Open Browser" library="SeleniumLibrary">
<arg>${url}</arg>
<arg>chrome</arg>
<doc>Opens a new browser instance to the optional ``url``.</doc>
<msg timestamp="20220420 17:22:53.789" level="INFO">Opening browser 'chrome' to base url 'http://127.0.0.1:5000/'.</msg>
<status status="PASS" starttime="20220420 17:22:53.789" endtime="20220420 17:22:55.939"/>
</kw>
<kw name="Maximize Browser Window" library="SeleniumLibrary">
<doc>Maximizes current browser window.</doc>
<status status="PASS" starttime="20220420 17:22:55.939" endtime="20220420 17:22:56.078"/>
</kw>
<kw name="Click Link" library="SeleniumLibrary">
<arg>xpath://html/body/section[1]/div/ul/li[1]/a</arg>
<doc>Clicks a link identified by ``locator``.</doc>
<msg timestamp="20220420 17:22:56.080" level="INFO">Clicking link 'xpath://html/body/section[1]/div/ul/li[1]/a'.</msg>
<status status="PASS" starttime="20220420 17:22:56.079" endtime="20220420 17:22:56.396"/>
</kw>
<kw name="Sleep" library="BuiltIn">
<arg>1s</arg>
<doc>Pauses the test executed for the given time.</doc>
<msg timestamp="20220420 17:22:57.402" level="INFO">Slept 1 second</msg>
<status status="PASS" starttime="20220420 17:22:56.396" endtime="20220420 17:22:57.402"/>
</kw>
<kw name="Input Text" library="SeleniumLibrary">
<arg>name:email</arg>
<arg>${email}</arg>
<doc>Types the given ``text`` into the text field identified by ``locator``.</doc>
<msg timestamp="20220420 17:22:57.403" level="INFO">Typing text 'yashindiasoni@gmail.com' into text field 'name:email'.</msg>
<status status="PASS" starttime="20220420 17:22:57.403" endtime="20220420 17:22:57.510"/>
</kw>
<kw name="Sleep" library="BuiltIn">
<arg>1s</arg>
<doc>Pauses the test executed for the given time.</doc>
<msg timestamp="20220420 17:22:58.529" level="INFO">Slept 1 second</msg>
<status status="PASS" starttime="20220420 17:22:57.510" endtime="20220420 17:22:58.529"/>
</kw>
<kw name="Input Text" library="SeleniumLibrary">
<arg>name:pass</arg>
<arg>${password}</arg>
<doc>Types the given ``text`` into the text field identified by ``locator``.</doc>
<msg timestamp="20220420 17:22:58.529" level="INFO">Typing text '123' into text field 'name:pass'.</msg>
<status status="PASS" starttime="20220420 17:22:58.529" endtime="20220420 17:22:58.621"/>
</kw>
<kw name="Sleep" library="BuiltIn">
<arg>1s</arg>
<doc>Pauses the test executed for the given time.</doc>
<msg timestamp="20220420 17:22:59.635" level="INFO">Slept 1 second</msg>
<status status="PASS" starttime="20220420 17:22:58.621" endtime="20220420 17:22:59.635"/>
</kw>
<kw name="Click Button" library="SeleniumLibrary">
<arg>xpath://html/body/div/div/div/div/form/button</arg>
<doc>Clicks the button identified by ``locator``.</doc>
<msg timestamp="20220420 17:22:59.635" level="INFO">Clicking button 'xpath://html/body/div/div/div/div/form/button'.</msg>
<status status="PASS" starttime="20220420 17:22:59.635" endtime="20220420 17:22:59.819"/>
</kw>
<kw name="Sleep" library="BuiltIn">
<arg>3s</arg>
<doc>Pauses the test executed for the given time.</doc>
<msg timestamp="20220420 17:23:02.834" level="INFO">Slept 3 seconds</msg>
<status status="PASS" starttime="20220420 17:22:59.827" endtime="20220420 17:23:02.834"/>
</kw>
<doc>user login</doc>
<tag>login</tag>
<status status="PASS" starttime="20220420 17:22:53.789" endtime="20220420 17:23:02.834"/>
</test>
<test id="s1-t2" name="viewall products test case" line="30">
<kw name="Click Element" library="SeleniumLibrary">
<arg>class:btn btn-light</arg>
<doc>Click the element identified by ``locator``.</doc>
<msg timestamp="20220420 17:23:02.838" level="INFO">Clicking element 'class:btn btn-light'.</msg>
<msg timestamp="20220420 17:23:03.443" level="INFO" html="true">&lt;/td&gt;&lt;/tr&gt;&lt;tr&gt;&lt;td colspan="3"&gt;&lt;a href="selenium-screenshot-3.png"&gt;&lt;img src="selenium-screenshot-3.png" width="800px"&gt;&lt;/a&gt;</msg>
<msg timestamp="20220420 17:23:03.443" level="FAIL">Element with locator 'class:btn btn-light' not found.</msg>
<status status="FAIL" starttime="20220420 17:23:02.838" endtime="20220420 17:23:03.569"/>
</kw>
<kw name="Sleep" library="BuiltIn">
<arg>2s</arg>
<doc>Pauses the test executed for the given time.</doc>
<status status="NOT RUN" starttime="20220420 17:23:03.569" endtime="20220420 17:23:03.569"/>
</kw>
<kw name="Close Browser" library="SeleniumLibrary">
<doc>Closes the current browser.</doc>
<status status="NOT RUN" starttime="20220420 17:23:03.569" endtime="20220420 17:23:03.569"/>
</kw>
<doc>view all products</doc>
<tag>viewall</tag>
<status status="FAIL" starttime="20220420 17:23:02.834" endtime="20220420 17:23:03.569">Element with locator 'class:btn btn-light' not found.</status>
</test>
<status status="FAIL" starttime="20220420 17:22:53.397" endtime="20220420 17:23:03.585"/>
</suite>
<statistics>
<total>
<stat pass="1" fail="1" skip="0">All Tests</stat>
</total>
<tag>
<stat pass="1" fail="0" skip="0">login</stat>
<stat pass="0" fail="1" skip="0">viewall</stat>
</tag>
<suite>
<stat pass="1" fail="1" skip="0" id="s1" name="FarmEasy">FarmEasy</stat>
</suite>
</statistics>
<errors>
</errors>
</robot>
