<?xml version="1.0" encoding="UTF-8"?>
<robot generator="Robot 5.0 (Python 3.9.7 on win32)" generated="20220421 20:41:09.041" rpa="false" schemaversion="3">
<suite id="s1" name="FarmEasy" source="C:\Users\yashi\PycharmProjects\FarmEasy-Automation-using-Robot\Tests\FarmEasy\FunctionalTestSuite\FarmEasy.robot">
<test id="s1-t1" name="admin login page test case" line="21">
<kw name="Open Browser" library="SeleniumLibrary">
<arg>${url}</arg>
<arg>chrome</arg>
<doc>Opens a new browser instance to the optional ``url``.</doc>
<msg timestamp="20220421 20:41:09.288" level="INFO">Opening browser 'chrome' to base url 'http://127.0.0.1:5000/'.</msg>
<status status="PASS" starttime="20220421 20:41:09.288" endtime="20220421 20:41:11.535"/>
</kw>
<kw name="Maximize Browser Window" library="SeleniumLibrary">
<doc>Maximizes current browser window.</doc>
<status status="PASS" starttime="20220421 20:41:11.538" endtime="20220421 20:41:11.747"/>
</kw>
<kw name="Sleep" library="BuiltIn">
<arg>2s</arg>
<doc>Pauses the test executed for the given time.</doc>
<msg timestamp="20220421 20:41:13.751" level="INFO">Slept 2 seconds</msg>
<status status="PASS" starttime="20220421 20:41:11.748" endtime="20220421 20:41:13.751"/>
</kw>
<kw name="Click Element" library="SeleniumLibrary">
<arg>xpath://html/body/nav/div/ul/li[6]/a</arg>
<doc>Click the element identified by ``locator``.</doc>
<msg timestamp="20220421 20:41:13.752" level="INFO">Clicking element 'xpath://html/body/nav/div/ul/li[6]/a'.</msg>
<status status="PASS" starttime="20220421 20:41:13.751" endtime="20220421 20:41:14.168"/>
</kw>
<kw name="Input Text" library="SeleniumLibrary">
<arg>name:name</arg>
<arg>${username}</arg>
<doc>Types the given ``text`` into the text field identified by ``locator``.</doc>
<msg timestamp="20220421 20:41:14.169" level="INFO">Typing text 'admin' into text field 'name:name'.</msg>
<status status="PASS" starttime="20220421 20:41:14.168" endtime="20220421 20:41:14.276"/>
</kw>
<kw name="Sleep" library="BuiltIn">
<arg>1s</arg>
<doc>Pauses the test executed for the given time.</doc>
<msg timestamp="20220421 20:41:15.283" level="INFO">Slept 1 second</msg>
<status status="PASS" starttime="20220421 20:41:14.277" endtime="20220421 20:41:15.283"/>
</kw>
<kw name="Input Text" library="SeleniumLibrary">
<arg>name:pass</arg>
<arg>${pasword}</arg>
<doc>Types the given ``text`` into the text field identified by ``locator``.</doc>
<msg timestamp="20220421 20:41:15.284" level="INFO">Typing text '12345' into text field 'name:pass'.</msg>
<status status="PASS" starttime="20220421 20:41:15.284" endtime="20220421 20:41:15.356"/>
</kw>
<kw name="Sleep" library="BuiltIn">
<arg>1s</arg>
<doc>Pauses the test executed for the given time.</doc>
<msg timestamp="20220421 20:41:16.358" level="INFO">Slept 1 second</msg>
<status status="PASS" starttime="20220421 20:41:15.356" endtime="20220421 20:41:16.358"/>
</kw>
<kw name="Click Button" library="SeleniumLibrary">
<arg>xpath://html/body/div/div/div/div/form/button</arg>
<doc>Clicks the button identified by ``locator``.</doc>
<msg timestamp="20220421 20:41:16.359" level="INFO">Clicking button 'xpath://html/body/div/div/div/div/form/button'.</msg>
<status status="PASS" starttime="20220421 20:41:16.358" endtime="20220421 20:41:16.608"/>
</kw>
<kw name="Sleep" library="BuiltIn">
<arg>3s</arg>
<doc>Pauses the test executed for the given time.</doc>
<msg timestamp="20220421 20:41:19.617" level="INFO">Slept 3 seconds</msg>
<status status="PASS" starttime="20220421 20:41:16.608" endtime="20220421 20:41:19.617"/>
</kw>
<doc>admin login</doc>
<tag>admin</tag>
<status status="PASS" starttime="20220421 20:41:09.288" endtime="20220421 20:41:19.617"/>
</test>
<test id="s1-t2" name="admin add product test case" line="35">
<kw name="Click Element" library="SeleniumLibrary">
<arg>xpath://html/body/nav[2]/div/div/a[2]</arg>
<doc>Click the element identified by ``locator``.</doc>
<msg timestamp="20220421 20:41:19.619" level="INFO">Clicking element 'xpath://html/body/nav[2]/div/div/a[2]'.</msg>
<status status="PASS" starttime="20220421 20:41:19.618" endtime="20220421 20:41:19.745"/>
</kw>
<kw name="Input Text" library="SeleniumLibrary">
<arg>name:pid</arg>
<arg>${pid}</arg>
<doc>Types the given ``text`` into the text field identified by ``locator``.</doc>
<msg timestamp="20220421 20:41:19.749" level="INFO">Typing text '14' into text field 'name:pid'.</msg>
<status status="PASS" starttime="20220421 20:41:19.748" endtime="20220421 20:41:19.855"/>
</kw>
<kw name="Sleep" library="BuiltIn">
<arg>1s</arg>
<doc>Pauses the test executed for the given time.</doc>
<msg timestamp="20220421 20:41:20.868" level="INFO">Slept 1 second</msg>
<status status="PASS" starttime="20220421 20:41:19.856" endtime="20220421 20:41:20.868"/>
</kw>
<kw name="Input Text" library="SeleniumLibrary">
<arg>name:bname</arg>
<arg>${bname}</arg>
<doc>Types the given ``text`` into the text field identified by ``locator``.</doc>
<msg timestamp="20220421 20:41:20.869" level="INFO">Typing text 'Kurkure' into text field 'name:bname'.</msg>
<status status="PASS" starttime="20220421 20:41:20.868" endtime="20220421 20:41:20.939"/>
</kw>
<kw name="Sleep" library="BuiltIn">
<arg>1s</arg>
<doc>Pauses the test executed for the given time.</doc>
<msg timestamp="20220421 20:41:21.941" level="INFO">Slept 1 second</msg>
<status status="PASS" starttime="20220421 20:41:20.940" endtime="20220421 20:41:21.941"/>
</kw>
<kw name="Input Text" library="SeleniumLibrary">
<arg>name:pname</arg>
<arg>${pname}</arg>
<doc>Types the given ``text`` into the text field identified by ``locator``.</doc>
<msg timestamp="20220421 20:41:21.942" level="INFO">Typing text 'Kurkure' into text field 'name:pname'.</msg>
<status status="PASS" starttime="20220421 20:41:21.942" endtime="20220421 20:41:22.008"/>
</kw>
<kw name="Sleep" library="BuiltIn">
<arg>1s</arg>
<doc>Pauses the test executed for the given time.</doc>
<msg timestamp="20220421 20:41:23.012" level="INFO">Slept 1 second</msg>
<status status="PASS" starttime="20220421 20:41:22.008" endtime="20220421 20:41:23.012"/>
</kw>
<kw name="Click Element" library="SeleniumLibrary">
<arg>xpath://html/body/div/div/div/form/table/tbody/tr[4]/td[2]/select/option[2]</arg>
<doc>Click the element identified by ``locator``.</doc>
<msg timestamp="20220421 20:41:23.013" level="INFO">Clicking element 'xpath://html/body/div/div/div/form/table/tbody/tr[4]/td[2]/select/option[2]'.</msg>
<status status="PASS" starttime="20220421 20:41:23.013" endtime="20220421 20:41:23.043"/>
</kw>
<kw name="Sleep" library="BuiltIn">
<arg>1s</arg>
<doc>Pauses the test executed for the given time.</doc>
<msg timestamp="20220421 20:41:24.056" level="INFO">Slept 1 second</msg>
<status status="PASS" starttime="20220421 20:41:23.043" endtime="20220421 20:41:24.056"/>
</kw>
<kw name="Input Text" library="SeleniumLibrary">
<arg>name:img</arg>
<arg>${img}</arg>
<doc>Types the given ``text`` into the text field identified by ``locator``.</doc>
<msg timestamp="20220421 20:41:24.056" level="INFO">Typing text 'C:/Users/yashi/PycharmProjects/FarmEasy/static/uploads/kurkure.jpg' into text field 'name:img'.</msg>
<status status="PASS" starttime="20220421 20:41:24.056" endtime="20220421 20:41:24.105"/>
</kw>
<kw name="Sleep" library="BuiltIn">
<arg>1s</arg>
<doc>Pauses the test executed for the given time.</doc>
<msg timestamp="20220421 20:41:25.115" level="INFO">Slept 1 second</msg>
<status status="PASS" starttime="20220421 20:41:24.105" endtime="20220421 20:41:25.115"/>
</kw>
<kw name="Input Text" library="SeleniumLibrary">
<arg>name:price</arg>
<arg>${price}</arg>
<doc>Types the given ``text`` into the text field identified by ``locator``.</doc>
<msg timestamp="20220421 20:41:25.116" level="INFO">Typing text '20' into text field 'name:price'.</msg>
<status status="PASS" starttime="20220421 20:41:25.115" endtime="20220421 20:41:25.191"/>
</kw>
<kw name="Sleep" library="BuiltIn">
<arg>1s</arg>
<doc>Pauses the test executed for the given time.</doc>
<msg timestamp="20220421 20:41:26.205" level="INFO">Slept 1 second</msg>
<status status="PASS" starttime="20220421 20:41:25.192" endtime="20220421 20:41:26.206"/>
</kw>
<kw name="Click Button" library="SeleniumLibrary">
<arg>xpath://html/body/div/div/div/form/table/tbody/tr[7]/td[2]/button</arg>
<doc>Clicks the button identified by ``locator``.</doc>
<msg timestamp="20220421 20:41:26.207" level="INFO">Clicking button 'xpath://html/body/div/div/div/form/table/tbody/tr[7]/td[2]/button'.</msg>
<status status="PASS" starttime="20220421 20:41:26.206" endtime="20220421 20:41:26.322"/>
</kw>
<kw name="Sleep" library="BuiltIn">
<arg>1s</arg>
<doc>Pauses the test executed for the given time.</doc>
<msg timestamp="20220421 20:41:27.339" level="INFO">Slept 1 second</msg>
<status status="PASS" starttime="20220421 20:41:26.323" endtime="20220421 20:41:27.339"/>
</kw>
<kw name="Click Element" library="SeleniumLibrary">
<arg>xpath://html/body/nav/div/div/ul/li[1]/a</arg>
<doc>Click the element identified by ``locator``.</doc>
<msg timestamp="20220421 20:41:27.340" level="INFO">Clicking element 'xpath://html/body/nav/div/div/ul/li[1]/a'.</msg>
<status status="PASS" starttime="20220421 20:41:27.340" endtime="20220421 20:41:27.451"/>
</kw>
<kw name="Sleep" library="BuiltIn">
<arg>1s</arg>
<doc>Pauses the test executed for the given time.</doc>
<msg timestamp="20220421 20:41:28.458" level="INFO">Slept 1 second</msg>
<status status="PASS" starttime="20220421 20:41:27.451" endtime="20220421 20:41:28.458"/>
</kw>
<kw name="Execute Javascript" library="SeleniumLibrary">
<arg>window.scrollTo(0, document.body.scrollHeight)</arg>
<doc>Executes the given JavaScript code with possible arguments.</doc>
<msg timestamp="20220421 20:41:28.460" level="INFO">Executing JavaScript:
window.scrollTo(0, document.body.scrollHeight)
Without any arguments.</msg>
<status status="PASS" starttime="20220421 20:41:28.459" endtime="20220421 20:41:28.464"/>
</kw>
<kw name="Sleep" library="BuiltIn">
<arg>3s</arg>
<doc>Pauses the test executed for the given time.</doc>
<msg timestamp="20220421 20:41:31.466" level="INFO">Slept 3 seconds</msg>
<status status="PASS" starttime="20220421 20:41:28.464" endtime="20220421 20:41:31.466"/>
</kw>
<doc>add products</doc>
<tag>admin</tag>
<status status="PASS" starttime="20220421 20:41:19.618" endtime="20220421 20:41:31.466"/>
</test>
<test id="s1-t3" name="admin update test case" line="59">
<kw name="Click Element" library="SeleniumLibrary">
<arg>xpath://html/body/div/div/div/table/tbody/tr[14]/td[5]/a[1]</arg>
<doc>Click the element identified by ``locator``.</doc>
<msg timestamp="20220421 20:41:31.469" level="INFO">Clicking element 'xpath://html/body/div/div/div/table/tbody/tr[14]/td[5]/a[1]'.</msg>
<status status="PASS" starttime="20220421 20:41:31.469" endtime="20220421 20:41:31.536"/>
</kw>
<kw name="Sleep" library="BuiltIn">
<arg>1s</arg>
<doc>Pauses the test executed for the given time.</doc>
<msg timestamp="20220421 20:41:32.540" level="INFO">Slept 1 second</msg>
<status status="PASS" starttime="20220421 20:41:31.536" endtime="20220421 20:41:32.540"/>
</kw>
<kw name="Input Text" library="SeleniumLibrary">
<arg>name:bname</arg>
<arg>Lays</arg>
<doc>Types the given ``text`` into the text field identified by ``locator``.</doc>
<msg timestamp="20220421 20:41:32.541" level="INFO">Typing text 'Lays' into text field 'name:bname'.</msg>
<status status="PASS" starttime="20220421 20:41:32.540" endtime="20220421 20:41:32.601"/>
</kw>
<kw name="Sleep" library="BuiltIn">
<arg>1s</arg>
<doc>Pauses the test executed for the given time.</doc>
<msg timestamp="20220421 20:41:33.613" level="INFO">Slept 1 second</msg>
<status status="PASS" starttime="20220421 20:41:32.601" endtime="20220421 20:41:33.613"/>
</kw>
<kw name="Input Text" library="SeleniumLibrary">
<arg>name:pname</arg>
<arg>Lays</arg>
<doc>Types the given ``text`` into the text field identified by ``locator``.</doc>
<msg timestamp="20220421 20:41:33.614" level="INFO">Typing text 'Lays' into text field 'name:pname'.</msg>
<status status="PASS" starttime="20220421 20:41:33.613" endtime="20220421 20:41:33.682"/>
</kw>
<kw name="Sleep" library="BuiltIn">
<arg>1s</arg>
<doc>Pauses the test executed for the given time.</doc>
<msg timestamp="20220421 20:41:34.686" level="INFO">Slept 1 second</msg>
<status status="PASS" starttime="20220421 20:41:33.682" endtime="20220421 20:41:34.687"/>
</kw>
<kw name="Input Text" library="SeleniumLibrary">
<arg>name:img</arg>
<arg>C:/Users/yashi/PycharmProjects/FarmEasy/static/uploads/Lays.jpg</arg>
<doc>Types the given ``text`` into the text field identified by ``locator``.</doc>
<msg timestamp="20220421 20:41:34.688" level="INFO">Typing text 'C:/Users/yashi/PycharmProjects/FarmEasy/static/uploads/Lays.jpg' into text field 'name:img'.</msg>
<status status="PASS" starttime="20220421 20:41:34.688" endtime="20220421 20:41:34.743"/>
</kw>
<kw name="Sleep" library="BuiltIn">
<arg>1s</arg>
<doc>Pauses the test executed for the given time.</doc>
<msg timestamp="20220421 20:41:35.746" level="INFO">Slept 1 second</msg>
<status status="PASS" starttime="20220421 20:41:34.743" endtime="20220421 20:41:35.746"/>
</kw>
<kw name="Input Text" library="SeleniumLibrary">
<arg>name:price</arg>
<arg>30</arg>
<doc>Types the given ``text`` into the text field identified by ``locator``.</doc>
<msg timestamp="20220421 20:41:35.746" level="INFO">Typing text '30' into text field 'name:price'.</msg>
<status status="PASS" starttime="20220421 20:41:35.746" endtime="20220421 20:41:35.818"/>
</kw>
<kw name="Sleep" library="BuiltIn">
<arg>1s</arg>
<doc>Pauses the test executed for the given time.</doc>
<msg timestamp="20220421 20:41:36.819" level="INFO">Slept 1 second</msg>
<status status="PASS" starttime="20220421 20:41:35.819" endtime="20220421 20:41:36.819"/>
</kw>
<kw name="Click Button" library="SeleniumLibrary">
<arg>xpath://html/body/div/div/div/form/table[1]/tbody/tr[7]/td[2]/button</arg>
<doc>Clicks the button identified by ``locator``.</doc>
<msg timestamp="20220421 20:41:36.819" level="INFO">Clicking button 'xpath://html/body/div/div/div/form/table[1]/tbody/tr[7]/td[2]/button'.</msg>
<status status="PASS" starttime="20220421 20:41:36.819" endtime="20220421 20:41:36.930"/>
</kw>
<kw name="Sleep" library="BuiltIn">
<arg>1s</arg>
<doc>Pauses the test executed for the given time.</doc>
<msg timestamp="20220421 20:41:37.940" level="INFO">Slept 1 second</msg>
<status status="PASS" starttime="20220421 20:41:36.931" endtime="20220421 20:41:37.940"/>
</kw>
<kw name="Execute Javascript" library="SeleniumLibrary">
<arg>window.scrollTo(0, document.body.scrollHeight)</arg>
<doc>Executes the given JavaScript code with possible arguments.</doc>
<msg timestamp="20220421 20:41:37.942" level="INFO">Executing JavaScript:
window.scrollTo(0, document.body.scrollHeight)
Without any arguments.</msg>
<status status="PASS" starttime="20220421 20:41:37.941" endtime="20220421 20:41:37.946"/>
</kw>
<kw name="Sleep" library="BuiltIn">
<arg>3s</arg>
<doc>Pauses the test executed for the given time.</doc>
<msg timestamp="20220421 20:41:40.947" level="INFO">Slept 3 seconds</msg>
<status status="PASS" starttime="20220421 20:41:37.946" endtime="20220421 20:41:40.947"/>
</kw>
<doc>Update product</doc>
<tag>admin</tag>
<status status="PASS" starttime="20220421 20:41:31.468" endtime="20220421 20:41:40.948"/>
</test>
<test id="s1-t4" name="admin delete test case" line="77">
<kw name="Click Element" library="SeleniumLibrary">
<arg>xpath://html/body/div/div/div/table/tbody/tr[14]/td[5]/a[2]</arg>
<doc>Click the element identified by ``locator``.</doc>
<msg timestamp="20220421 20:41:40.950" level="INFO">Clicking element 'xpath://html/body/div/div/div/table/tbody/tr[14]/td[5]/a[2]'.</msg>
<status status="PASS" starttime="20220421 20:41:40.949" endtime="20220421 20:41:41.066"/>
</kw>
<kw name="Sleep" library="BuiltIn">
<arg>2s</arg>
<doc>Pauses the test executed for the given time.</doc>
<msg timestamp="20220421 20:41:43.075" level="INFO">Slept 2 seconds</msg>
<status status="PASS" starttime="20220421 20:41:41.067" endtime="20220421 20:41:43.075"/>
</kw>
<kw name="Execute Javascript" library="SeleniumLibrary">
<arg>window.scrollTo(0, document.body.scrollHeight)</arg>
<doc>Executes the given JavaScript code with possible arguments.</doc>
<msg timestamp="20220421 20:41:43.076" level="INFO">Executing JavaScript:
window.scrollTo(0, document.body.scrollHeight)
Without any arguments.</msg>
<status status="PASS" starttime="20220421 20:41:43.076" endtime="20220421 20:41:43.080"/>
</kw>
<kw name="Sleep" library="BuiltIn">
<arg>3s</arg>
<doc>Pauses the test executed for the given time.</doc>
<msg timestamp="20220421 20:41:46.091" level="INFO">Slept 3 seconds</msg>
<status status="PASS" starttime="20220421 20:41:43.080" endtime="20220421 20:41:46.091"/>
</kw>
<doc>Delete Product</doc>
<tag>admin</tag>
<status status="PASS" starttime="20220421 20:41:40.949" endtime="20220421 20:41:46.091"/>
</test>
<test id="s1-t5" name="admin search test case" line="85">
<kw name="Execute Javascript" library="SeleniumLibrary">
<arg>window.scrollTo(document.body.scrollHeight, 0)</arg>
<doc>Executes the given JavaScript code with possible arguments.</doc>
<msg timestamp="20220421 20:41:46.093" level="INFO">Executing JavaScript:
window.scrollTo(document.body.scrollHeight, 0)
Without any arguments.</msg>
<status status="PASS" starttime="20220421 20:41:46.093" endtime="20220421 20:41:46.097"/>
</kw>
<kw name="Sleep" library="BuiltIn">
<arg>3s</arg>
<doc>Pauses the test executed for the given time.</doc>
<msg timestamp="20220421 20:41:49.107" level="INFO">Slept 3 seconds</msg>
<status status="PASS" starttime="20220421 20:41:46.097" endtime="20220421 20:41:49.107"/>
</kw>
<kw name="Click Element" library="SeleniumLibrary">
<arg>xpath://html/body/nav[2]/div/div/a[1]</arg>
<doc>Click the element identified by ``locator``.</doc>
<msg timestamp="20220421 20:41:49.108" level="INFO">Clicking element 'xpath://html/body/nav[2]/div/div/a[1]'.</msg>
<status status="PASS" starttime="20220421 20:41:49.107" endtime="20220421 20:41:49.192"/>
</kw>
<kw name="Sleep" library="BuiltIn">
<arg>2s</arg>
<doc>Pauses the test executed for the given time.</doc>
<msg timestamp="20220421 20:41:51.206" level="INFO">Slept 2 seconds</msg>
<status status="PASS" starttime="20220421 20:41:49.193" endtime="20220421 20:41:51.206"/>
</kw>
<kw name="Input Text" library="SeleniumLibrary">
<arg>name:pid</arg>
<arg>${productid}</arg>
<doc>Types the given ``text`` into the text field identified by ``locator``.</doc>
<msg timestamp="20220421 20:41:51.207" level="INFO">Typing text '3' into text field 'name:pid'.</msg>
<status status="PASS" starttime="20220421 20:41:51.206" endtime="20220421 20:41:51.273"/>
</kw>
<kw name="Sleep" library="BuiltIn">
<arg>1s</arg>
<doc>Pauses the test executed for the given time.</doc>
<msg timestamp="20220421 20:41:52.277" level="INFO">Slept 1 second</msg>
<status status="PASS" starttime="20220421 20:41:51.273" endtime="20220421 20:41:52.277"/>
</kw>
<kw name="Click Button" library="SeleniumLibrary">
<arg>xpath://html/body/div[1]/div/form/table/tbody/tr[2]/td[2]/button</arg>
<doc>Clicks the button identified by ``locator``.</doc>
<msg timestamp="20220421 20:41:52.278" level="INFO">Clicking button 'xpath://html/body/div[1]/div/form/table/tbody/tr[2]/td[2]/button'.</msg>
<status status="PASS" starttime="20220421 20:41:52.278" endtime="20220421 20:41:52.348"/>
</kw>
<kw name="Sleep" library="BuiltIn">
<arg>3s</arg>
<doc>Pauses the test executed for the given time.</doc>
<msg timestamp="20220421 20:41:55.361" level="INFO">Slept 3 seconds</msg>
<status status="PASS" starttime="20220421 20:41:52.348" endtime="20220421 20:41:55.361"/>
</kw>
<doc>Search Product</doc>
<tag>admin</tag>
<status status="PASS" starttime="20220421 20:41:46.092" endtime="20220421 20:41:55.362"/>
</test>
<test id="s1-t6" name="admin view order test case" line="97">
<kw name="Click Element" library="SeleniumLibrary">
<arg>xpath://html/body/nav/div/div/ul/li[2]/a</arg>
<doc>Click the element identified by ``locator``.</doc>
<msg timestamp="20220421 20:41:55.364" level="INFO">Clicking element 'xpath://html/body/nav/div/div/ul/li[2]/a'.</msg>
<status status="PASS" starttime="20220421 20:41:55.364" endtime="20220421 20:41:55.447"/>
</kw>
<kw name="Sleep" library="BuiltIn">
<arg>3s</arg>
<doc>Pauses the test executed for the given time.</doc>
<msg timestamp="20220421 20:41:58.463" level="INFO">Slept 3 seconds</msg>
<status status="PASS" starttime="20220421 20:41:55.448" endtime="20220421 20:41:58.463"/>
</kw>
<doc>View Orders</doc>
<tag>admin</tag>
<status status="PASS" starttime="20220421 20:41:55.364" endtime="20220421 20:41:58.463"/>
</test>
<test id="s1-t7" name="admin logout test case" line="103">
<kw name="Click Element" library="SeleniumLibrary">
<arg>xpath://html/body/nav/div/div/ul/li[3]/a</arg>
<doc>Click the element identified by ``locator``.</doc>
<msg timestamp="20220421 20:41:58.465" level="INFO">Clicking element 'xpath://html/body/nav/div/div/ul/li[3]/a'.</msg>
<status status="PASS" starttime="20220421 20:41:58.465" endtime="20220421 20:41:58.599"/>
</kw>
<kw name="Sleep" library="BuiltIn">
<arg>2s</arg>
<doc>Pauses the test executed for the given time.</doc>
<msg timestamp="20220421 20:42:00.606" level="INFO">Slept 2 seconds</msg>
<status status="PASS" starttime="20220421 20:41:58.599" endtime="20220421 20:42:00.606"/>
</kw>
<doc>Admin Logout</doc>
<tag>admin</tag>
<status status="PASS" starttime="20220421 20:41:58.464" endtime="20220421 20:42:00.607"/>
</test>
<test id="s1-t8" name="user signup test case" line="109">
<kw name="Execute Javascript" library="SeleniumLibrary">
<arg>window.scrollTo(0, document.body.scrollHeight)</arg>
<doc>Executes the given JavaScript code with possible arguments.</doc>
<msg timestamp="20220421 20:42:00.609" level="INFO">Executing JavaScript:
window.scrollTo(0, document.body.scrollHeight)
Without any arguments.</msg>
<status status="PASS" starttime="20220421 20:42:00.608" endtime="20220421 20:42:00.614"/>
</kw>
<kw name="Sleep" library="BuiltIn">
<arg>2s</arg>
<doc>Pauses the test executed for the given time.</doc>
<msg timestamp="20220421 20:42:02.628" level="INFO">Slept 2 seconds</msg>
<status status="PASS" starttime="20220421 20:42:00.615" endtime="20220421 20:42:02.628"/>
</kw>
<kw name="Execute Javascript" library="SeleniumLibrary">
<arg>window.scrollTo(document.body.scrollHeight, 0)</arg>
<doc>Executes the given JavaScript code with possible arguments.</doc>
<msg timestamp="20220421 20:42:02.628" level="INFO">Executing JavaScript:
window.scrollTo(document.body.scrollHeight, 0)
Without any arguments.</msg>
<status status="PASS" starttime="20220421 20:42:02.628" endtime="20220421 20:42:02.631"/>
</kw>
<kw name="Sleep" library="BuiltIn">
<arg>2s</arg>
<doc>Pauses the test executed for the given time.</doc>
<msg timestamp="20220421 20:42:04.633" level="INFO">Slept 2 seconds</msg>
<status status="PASS" starttime="20220421 20:42:02.631" endtime="20220421 20:42:04.633"/>
</kw>
<kw name="Click Element" library="SeleniumLibrary">
<arg>xpath://html/body/nav/div/ul/li[4]/a</arg>
<doc>Click the element identified by ``locator``.</doc>
<msg timestamp="20220421 20:42:04.634" level="INFO">Clicking element 'xpath://html/body/nav/div/ul/li[4]/a'.</msg>
<status status="PASS" starttime="20220421 20:42:04.633" endtime="20220421 20:42:04.706"/>
</kw>
<kw name="Sleep" library="BuiltIn">
<arg>1s</arg>
<doc>Pauses the test executed for the given time.</doc>
<msg timestamp="20220421 20:42:05.721" level="INFO">Slept 1 second</msg>
<status status="PASS" starttime="20220421 20:42:04.707" endtime="20220421 20:42:05.721"/>
</kw>
<kw name="Input Text" library="SeleniumLibrary">
<arg>name:firstname</arg>
<arg>abc</arg>
<doc>Types the given ``text`` into the text field identified by ``locator``.</doc>
<msg timestamp="20220421 20:42:05.723" level="INFO">Typing text 'abc' into text field 'name:firstname'.</msg>
<status status="PASS" starttime="20220421 20:42:05.722" endtime="20220421 20:42:05.800"/>
</kw>
<kw name="Sleep" library="BuiltIn">
<arg>1s</arg>
<doc>Pauses the test executed for the given time.</doc>
<msg timestamp="20220421 20:42:06.805" level="INFO">Slept 1 second</msg>
<status status="PASS" starttime="20220421 20:42:05.800" endtime="20220421 20:42:06.805"/>
</kw>
<kw name="Input Text" library="SeleniumLibrary">
<arg>name:lastname</arg>
<arg>def</arg>
<doc>Types the given ``text`` into the text field identified by ``locator``.</doc>
<msg timestamp="20220421 20:42:06.806" level="INFO">Typing text 'def' into text field 'name:lastname'.</msg>
<status status="PASS" starttime="20220421 20:42:06.806" endtime="20220421 20:42:06.873"/>
</kw>
<kw name="Sleep" library="BuiltIn">
<arg>1s</arg>
<doc>Pauses the test executed for the given time.</doc>
<msg timestamp="20220421 20:42:07.875" level="INFO">Slept 1 second</msg>
<status status="PASS" starttime="20220421 20:42:06.873" endtime="20220421 20:42:07.876"/>
</kw>
<kw name="Input Text" library="SeleniumLibrary">
<arg>name:DOB</arg>
<arg>15/06/2000</arg>
<doc>Types the given ``text`` into the text field identified by ``locator``.</doc>
<msg timestamp="20220421 20:42:07.878" level="INFO">Typing text '15/06/2000' into text field 'name:DOB'.</msg>
<status status="PASS" starttime="20220421 20:42:07.877" endtime="20220421 20:42:07.946"/>
</kw>
<kw name="Sleep" library="BuiltIn">
<arg>1s</arg>
<doc>Pauses the test executed for the given time.</doc>
<msg timestamp="20220421 20:42:08.948" level="INFO">Slept 1 second</msg>
<status status="PASS" starttime="20220421 20:42:07.946" endtime="20220421 20:42:08.948"/>
</kw>
<kw name="Input Text" library="SeleniumLibrary">
<arg>name:email</arg>
<arg>abc@gmail.com</arg>
<doc>Types the given ``text`` into the text field identified by ``locator``.</doc>
<msg timestamp="20220421 20:42:08.948" level="INFO">Typing text 'abc@gmail.com' into text field 'name:email'.</msg>
<status status="PASS" starttime="20220421 20:42:08.948" endtime="20220421 20:42:09.022"/>
</kw>
<kw name="Sleep" library="BuiltIn">
<arg>1s</arg>
<doc>Pauses the test executed for the given time.</doc>
<msg timestamp="20220421 20:42:10.037" level="INFO">Slept 1 second</msg>
<status status="PASS" starttime="20220421 20:42:09.023" endtime="20220421 20:42:10.037"/>
</kw>
<kw name="Input Text" library="SeleniumLibrary">
<arg>name:phone</arg>
<arg>1234567890</arg>
<doc>Types the given ``text`` into the text field identified by ``locator``.</doc>
<msg timestamp="20220421 20:42:10.037" level="INFO">Typing text '1234567890' into text field 'name:phone'.</msg>
<status status="PASS" starttime="20220421 20:42:10.037" endtime="20220421 20:42:10.112"/>
</kw>
<kw name="Sleep" library="BuiltIn">
<arg>1s</arg>
<doc>Pauses the test executed for the given time.</doc>
<msg timestamp="20220421 20:42:11.128" level="INFO">Slept 1 second</msg>
<status status="PASS" starttime="20220421 20:42:10.113" endtime="20220421 20:42:11.128"/>
</kw>
<kw name="Input Text" library="SeleniumLibrary">
<arg>name:pass</arg>
<arg>123</arg>
<doc>Types the given ``text`` into the text field identified by ``locator``.</doc>
<msg timestamp="20220421 20:42:11.129" level="INFO">Typing text '123' into text field 'name:pass'.</msg>
<status status="PASS" starttime="20220421 20:42:11.128" endtime="20220421 20:42:11.193"/>
</kw>
<kw name="Sleep" library="BuiltIn">
<arg>1s</arg>
<doc>Pauses the test executed for the given time.</doc>
<msg timestamp="20220421 20:42:12.196" level="INFO">Slept 1 second</msg>
<status status="PASS" starttime="20220421 20:42:11.194" endtime="20220421 20:42:12.196"/>
</kw>
<kw name="Input Text" library="SeleniumLibrary">
<arg>name:cnfpass</arg>
<arg>123</arg>
<doc>Types the given ``text`` into the text field identified by ``locator``.</doc>
<msg timestamp="20220421 20:42:12.196" level="INFO">Typing text '123' into text field 'name:cnfpass'.</msg>
<status status="PASS" starttime="20220421 20:42:12.196" endtime="20220421 20:42:12.264"/>
</kw>
<kw name="Sleep" library="BuiltIn">
<arg>1s</arg>
<doc>Pauses the test executed for the given time.</doc>
<msg timestamp="20220421 20:42:13.267" level="INFO">Slept 1 second</msg>
<status status="PASS" starttime="20220421 20:42:12.265" endtime="20220421 20:42:13.267"/>
</kw>
<kw name="Click Button" library="SeleniumLibrary">
<arg>xpath://html/body/div/div/form/table/tbody/tr[8]/td[2]/button</arg>
<doc>Clicks the button identified by ``locator``.</doc>
<msg timestamp="20220421 20:42:13.270" level="INFO">Clicking button 'xpath://html/body/div/div/form/table/tbody/tr[8]/td[2]/button'.</msg>
<status status="PASS" starttime="20220421 20:42:13.268" endtime="20220421 20:42:13.401"/>
</kw>
<kw name="Sleep" library="BuiltIn">
<arg>2s</arg>
<doc>Pauses the test executed for the given time.</doc>
<msg timestamp="20220421 20:42:15.416" level="INFO">Slept 2 seconds</msg>
<status status="PASS" starttime="20220421 20:42:13.402" endtime="20220421 20:42:15.416"/>
</kw>
<doc>user signup</doc>
<tag>user</tag>
<status status="PASS" starttime="20220421 20:42:00.608" endtime="20220421 20:42:15.417"/>
</test>
<test id="s1-t9" name="user login test case" line="135">
<kw name="Input Text" library="SeleniumLibrary">
<arg>name:email</arg>
<arg>${email}</arg>
<doc>Types the given ``text`` into the text field identified by ``locator``.</doc>
<msg timestamp="20220421 20:42:15.422" level="INFO">Typing text 'abc@gmail.com' into text field 'name:email'.</msg>
<status status="PASS" starttime="20220421 20:42:15.422" endtime="20220421 20:42:15.508"/>
</kw>
<kw name="Sleep" library="BuiltIn">
<arg>1s</arg>
<doc>Pauses the test executed for the given time.</doc>
<msg timestamp="20220421 20:42:16.520" level="INFO">Slept 1 second</msg>
<status status="PASS" starttime="20220421 20:42:15.508" endtime="20220421 20:42:16.520"/>
</kw>
<kw name="Input Text" library="SeleniumLibrary">
<arg>name:pass</arg>
<arg>${password}</arg>
<doc>Types the given ``text`` into the text field identified by ``locator``.</doc>
<msg timestamp="20220421 20:42:16.522" level="INFO">Typing text '123' into text field 'name:pass'.</msg>
<status status="PASS" starttime="20220421 20:42:16.521" endtime="20220421 20:42:16.584"/>
</kw>
<kw name="Sleep" library="BuiltIn">
<arg>2s</arg>
<doc>Pauses the test executed for the given time.</doc>
<msg timestamp="20220421 20:42:18.589" level="INFO">Slept 2 seconds</msg>
<status status="PASS" starttime="20220421 20:42:16.584" endtime="20220421 20:42:18.589"/>
</kw>
<kw name="Click Element" library="SeleniumLibrary">
<arg>xpath://html/body/div/div/div/div/form/button</arg>
<doc>Click the element identified by ``locator``.</doc>
<msg timestamp="20220421 20:42:18.590" level="INFO">Clicking element 'xpath://html/body/div/div/div/div/form/button'.</msg>
<status status="PASS" starttime="20220421 20:42:18.590" endtime="20220421 20:42:18.757"/>
</kw>
<kw name="Sleep" library="BuiltIn">
<arg>1s</arg>
<doc>Pauses the test executed for the given time.</doc>
<msg timestamp="20220421 20:42:19.767" level="INFO">Slept 1 second</msg>
<status status="PASS" starttime="20220421 20:42:18.758" endtime="20220421 20:42:19.767"/>
</kw>
<doc>user login</doc>
<tag>user</tag>
<status status="PASS" starttime="20220421 20:42:15.420" endtime="20220421 20:42:19.767"/>
</test>
<test id="s1-t10" name="user update test case" line="145">
<kw name="Click Element" library="SeleniumLibrary">
<arg>xpath://html/body/nav/div/ul/li[1]/a</arg>
<doc>Click the element identified by ``locator``.</doc>
<msg timestamp="20220421 20:42:19.769" level="INFO">Clicking element 'xpath://html/body/nav/div/ul/li[1]/a'.</msg>
<status status="PASS" starttime="20220421 20:42:19.769" endtime="20220421 20:42:19.824"/>
</kw>
<kw name="Sleep" library="BuiltIn">
<arg>2s</arg>
<doc>Pauses the test executed for the given time.</doc>
<msg timestamp="20220421 20:42:21.835" level="INFO">Slept 2 seconds</msg>
<status status="PASS" starttime="20220421 20:42:19.825" endtime="20220421 20:42:21.835"/>
</kw>
<kw name="Click Element" library="SeleniumLibrary">
<arg>xpath://html/body/nav/div/ul/li[1]/ul/li[1]/a</arg>
<doc>Click the element identified by ``locator``.</doc>
<msg timestamp="20220421 20:42:21.836" level="INFO">Clicking element 'xpath://html/body/nav/div/ul/li[1]/ul/li[1]/a'.</msg>
<status status="PASS" starttime="20220421 20:42:21.835" endtime="20220421 20:42:21.929"/>
</kw>
<kw name="Sleep" library="BuiltIn">
<arg>1s</arg>
<doc>Pauses the test executed for the given time.</doc>
<msg timestamp="20220421 20:42:22.937" level="INFO">Slept 1 second</msg>
<status status="PASS" starttime="20220421 20:42:21.930" endtime="20220421 20:42:22.937"/>
</kw>
<kw name="Input Text" library="SeleniumLibrary">
<arg>name:firstname</arg>
<arg>Yash</arg>
<doc>Types the given ``text`` into the text field identified by ``locator``.</doc>
<msg timestamp="20220421 20:42:22.938" level="INFO">Typing text 'Yash' into text field 'name:firstname'.</msg>
<status status="PASS" starttime="20220421 20:42:22.938" endtime="20220421 20:42:23.010"/>
</kw>
<kw name="Sleep" library="BuiltIn">
<arg>1s</arg>
<doc>Pauses the test executed for the given time.</doc>
<msg timestamp="20220421 20:42:24.013" level="INFO">Slept 1 second</msg>
<status status="PASS" starttime="20220421 20:42:23.010" endtime="20220421 20:42:24.013"/>
</kw>
<kw name="Input Text" library="SeleniumLibrary">
<arg>name:lastname</arg>
<arg>Soni</arg>
<doc>Types the given ``text`` into the text field identified by ``locator``.</doc>
<msg timestamp="20220421 20:42:24.014" level="INFO">Typing text 'Soni' into text field 'name:lastname'.</msg>
<status status="PASS" starttime="20220421 20:42:24.013" endtime="20220421 20:42:24.083"/>
</kw>
<kw name="Sleep" library="BuiltIn">
<arg>1s</arg>
<doc>Pauses the test executed for the given time.</doc>
<msg timestamp="20220421 20:42:25.099" level="INFO">Slept 1 second</msg>
<status status="PASS" starttime="20220421 20:42:24.084" endtime="20220421 20:42:25.099"/>
</kw>
<kw name="Click Button" library="SeleniumLibrary">
<arg>xpath://html/body/div/div/form/table/tbody/tr[8]/td[2]/button</arg>
<doc>Clicks the button identified by ``locator``.</doc>
<msg timestamp="20220421 20:42:25.100" level="INFO">Clicking button 'xpath://html/body/div/div/form/table/tbody/tr[8]/td[2]/button'.</msg>
<status status="PASS" starttime="20220421 20:42:25.099" endtime="20220421 20:42:25.238"/>
</kw>
<kw name="Sleep" library="BuiltIn">
<arg>1s</arg>
<doc>Pauses the test executed for the given time.</doc>
<msg timestamp="20220421 20:42:26.253" level="INFO">Slept 1 second</msg>
<status status="PASS" starttime="20220421 20:42:25.239" endtime="20220421 20:42:26.253"/>
</kw>
<kw name="Click Element" library="SeleniumLibrary">
<arg>xpath://html/body/nav/div/ul/li[1]/a</arg>
<doc>Click the element identified by ``locator``.</doc>
<msg timestamp="20220421 20:42:26.253" level="INFO">Clicking element 'xpath://html/body/nav/div/ul/li[1]/a'.</msg>
<status status="PASS" starttime="20220421 20:42:26.253" endtime="20220421 20:42:26.287"/>
</kw>
<kw name="Sleep" library="BuiltIn">
<arg>2s</arg>
<doc>Pauses the test executed for the given time.</doc>
<msg timestamp="20220421 20:42:28.301" level="INFO">Slept 2 seconds</msg>
<status status="PASS" starttime="20220421 20:42:26.288" endtime="20220421 20:42:28.301"/>
</kw>
<kw name="Click Element" library="SeleniumLibrary">
<arg>xpath://html/body/nav/div/ul/li[1]/ul/li[1]/a</arg>
<doc>Click the element identified by ``locator``.</doc>
<msg timestamp="20220421 20:42:28.302" level="INFO">Clicking element 'xpath://html/body/nav/div/ul/li[1]/ul/li[1]/a'.</msg>
<status status="PASS" starttime="20220421 20:42:28.302" endtime="20220421 20:42:28.386"/>
</kw>
<kw name="Sleep" library="BuiltIn">
<arg>1s</arg>
<doc>Pauses the test executed for the given time.</doc>
<msg timestamp="20220421 20:42:29.389" level="INFO">Slept 1 second</msg>
<status status="PASS" starttime="20220421 20:42:28.387" endtime="20220421 20:42:29.389"/>
</kw>
<kw name="Click Button" library="SeleniumLibrary">
<arg>xpath://html/body/div/div/form/table/tbody/tr[8]/td[2]/button</arg>
<doc>Clicks the button identified by ``locator``.</doc>
<msg timestamp="20220421 20:42:29.389" level="INFO">Clicking button 'xpath://html/body/div/div/form/table/tbody/tr[8]/td[2]/button'.</msg>
<status status="PASS" starttime="20220421 20:42:29.389" endtime="20220421 20:42:29.512"/>
</kw>
<kw name="Sleep" library="BuiltIn">
<arg>1s</arg>
<doc>Pauses the test executed for the given time.</doc>
<msg timestamp="20220421 20:42:30.521" level="INFO">Slept 1 second</msg>
<status status="PASS" starttime="20220421 20:42:29.512" endtime="20220421 20:42:30.521"/>
</kw>
<doc>user update</doc>
<tag>user</tag>
<status status="PASS" starttime="20220421 20:42:19.768" endtime="20220421 20:42:30.522"/>
</test>
<test id="s1-t11" name="user category test case" line="165">
<kw name="Click Element" library="SeleniumLibrary">
<arg>xpath://html/body/nav/div/ul/li[2]/a</arg>
<doc>Click the element identified by ``locator``.</doc>
<msg timestamp="20220421 20:42:30.524" level="INFO">Clicking element 'xpath://html/body/nav/div/ul/li[2]/a'.</msg>
<status status="PASS" starttime="20220421 20:42:30.523" endtime="20220421 20:42:30.792"/>
</kw>
<kw name="Sleep" library="BuiltIn">
<arg>1s</arg>
<doc>Pauses the test executed for the given time.</doc>
<msg timestamp="20220421 20:42:31.794" level="INFO">Slept 1 second</msg>
<status status="PASS" starttime="20220421 20:42:30.792" endtime="20220421 20:42:31.794"/>
</kw>
<kw name="Execute Javascript" library="SeleniumLibrary">
<arg>window.scrollTo(0, document.body.scrollHeight)</arg>
<doc>Executes the given JavaScript code with possible arguments.</doc>
<msg timestamp="20220421 20:42:31.795" level="INFO">Executing JavaScript:
window.scrollTo(0, document.body.scrollHeight)
Without any arguments.</msg>
<status status="PASS" starttime="20220421 20:42:31.794" endtime="20220421 20:42:31.797"/>
</kw>
<kw name="Sleep" library="BuiltIn">
<arg>2s</arg>
<doc>Pauses the test executed for the given time.</doc>
<msg timestamp="20220421 20:42:33.800" level="INFO">Slept 2 seconds</msg>
<status status="PASS" starttime="20220421 20:42:31.798" endtime="20220421 20:42:33.800"/>
</kw>
<kw name="Execute Javascript" library="SeleniumLibrary">
<arg>window.scrollTo(document.body.scrollHeight, 0)</arg>
<doc>Executes the given JavaScript code with possible arguments.</doc>
<msg timestamp="20220421 20:42:33.801" level="INFO">Executing JavaScript:
window.scrollTo(document.body.scrollHeight, 0)
Without any arguments.</msg>
<status status="PASS" starttime="20220421 20:42:33.800" endtime="20220421 20:42:33.806"/>
</kw>
<kw name="Sleep" library="BuiltIn">
<arg>2s</arg>
<doc>Pauses the test executed for the given time.</doc>
<msg timestamp="20220421 20:42:35.819" level="INFO">Slept 2 seconds</msg>
<status status="PASS" starttime="20220421 20:42:33.806" endtime="20220421 20:42:35.819"/>
</kw>
<kw name="Click Element" library="SeleniumLibrary">
<arg>xpath://html/body/div/ul/li[1]/a</arg>
<doc>Click the element identified by ``locator``.</doc>
<msg timestamp="20220421 20:42:35.820" level="INFO">Clicking element 'xpath://html/body/div/ul/li[1]/a'.</msg>
<status status="PASS" starttime="20220421 20:42:35.820" endtime="20220421 20:42:36.005"/>
</kw>
<kw name="Sleep" library="BuiltIn">
<arg>2s</arg>
<doc>Pauses the test executed for the given time.</doc>
<msg timestamp="20220421 20:42:38.019" level="INFO">Slept 2 seconds</msg>
<status status="PASS" starttime="20220421 20:42:36.007" endtime="20220421 20:42:38.019"/>
</kw>
<kw name="Click Element" library="SeleniumLibrary">
<arg>xpath://html/body/div/ul/li[2]/a</arg>
<doc>Click the element identified by ``locator``.</doc>
<msg timestamp="20220421 20:42:38.020" level="INFO">Clicking element 'xpath://html/body/div/ul/li[2]/a'.</msg>
<status status="PASS" starttime="20220421 20:42:38.019" endtime="20220421 20:42:38.127"/>
</kw>
<kw name="Sleep" library="BuiltIn">
<arg>2s</arg>
<doc>Pauses the test executed for the given time.</doc>
<msg timestamp="20220421 20:42:40.138" level="INFO">Slept 2 seconds</msg>
<status status="PASS" starttime="20220421 20:42:38.128" endtime="20220421 20:42:40.138"/>
</kw>
<kw name="Click Element" library="SeleniumLibrary">
<arg>xpath://html/body/div/ul/li[3]/a</arg>
<doc>Click the element identified by ``locator``.</doc>
<msg timestamp="20220421 20:42:40.139" level="INFO">Clicking element 'xpath://html/body/div/ul/li[3]/a'.</msg>
<status status="PASS" starttime="20220421 20:42:40.139" endtime="20220421 20:42:40.235"/>
</kw>
<kw name="Sleep" library="BuiltIn">
<arg>2s</arg>
<doc>Pauses the test executed for the given time.</doc>
<msg timestamp="20220421 20:42:42.250" level="INFO">Slept 2 seconds</msg>
<status status="PASS" starttime="20220421 20:42:40.236" endtime="20220421 20:42:42.250"/>
</kw>
<kw name="Click Element" library="SeleniumLibrary">
<arg>xpath://html/body/div/ul/li[4]/a</arg>
<doc>Click the element identified by ``locator``.</doc>
<msg timestamp="20220421 20:42:42.251" level="INFO">Clicking element 'xpath://html/body/div/ul/li[4]/a'.</msg>
<status status="PASS" starttime="20220421 20:42:42.251" endtime="20220421 20:42:42.376"/>
</kw>
<kw name="Sleep" library="BuiltIn">
<arg>2s</arg>
<doc>Pauses the test executed for the given time.</doc>
<msg timestamp="20220421 20:42:44.392" level="INFO">Slept 2 seconds</msg>
<status status="PASS" starttime="20220421 20:42:42.377" endtime="20220421 20:42:44.392"/>
</kw>
<kw name="Click Element" library="SeleniumLibrary">
<arg>xpath://html/body/div/ul/li[5]/a</arg>
<doc>Click the element identified by ``locator``.</doc>
<msg timestamp="20220421 20:42:44.392" level="INFO">Clicking element 'xpath://html/body/div/ul/li[5]/a'.</msg>
<status status="PASS" starttime="20220421 20:42:44.392" endtime="20220421 20:42:44.474"/>
</kw>
<kw name="Sleep" library="BuiltIn">
<arg>2s</arg>
<doc>Pauses the test executed for the given time.</doc>
<msg timestamp="20220421 20:42:46.476" level="INFO">Slept 2 seconds</msg>
<status status="PASS" starttime="20220421 20:42:44.475" endtime="20220421 20:42:46.476"/>
</kw>
<kw name="Click Element" library="SeleniumLibrary">
<arg>xpath://html/body/div/ul/li[6]/a</arg>
<doc>Click the element identified by ``locator``.</doc>
<msg timestamp="20220421 20:42:46.477" level="INFO">Clicking element 'xpath://html/body/div/ul/li[6]/a'.</msg>
<status status="PASS" starttime="20220421 20:42:46.476" endtime="20220421 20:42:46.573"/>
</kw>
<kw name="Sleep" library="BuiltIn">
<arg>2s</arg>
<doc>Pauses the test executed for the given time.</doc>
<msg timestamp="20220421 20:42:48.589" level="INFO">Slept 2 seconds</msg>
<status status="PASS" starttime="20220421 20:42:46.574" endtime="20220421 20:42:48.589"/>
</kw>
<kw name="Click Element" library="SeleniumLibrary">
<arg>xpath://html/body/nav/div/ul/li[2]/a</arg>
<doc>Click the element identified by ``locator``.</doc>
<msg timestamp="20220421 20:42:48.590" level="INFO">Clicking element 'xpath://html/body/nav/div/ul/li[2]/a'.</msg>
<status status="PASS" starttime="20220421 20:42:48.590" endtime="20220421 20:42:48.812"/>
</kw>
<kw name="Sleep" library="BuiltIn">
<arg>2s</arg>
<doc>Pauses the test executed for the given time.</doc>
<msg timestamp="20220421 20:42:50.821" level="INFO">Slept 2 seconds</msg>
<status status="PASS" starttime="20220421 20:42:48.813" endtime="20220421 20:42:50.821"/>
</kw>
<doc>Categories</doc>
<tag>user</tag>
<status status="PASS" starttime="20220421 20:42:30.523" endtime="20220421 20:42:50.822"/>
</test>
<test id="s1-t12" name="add to cart test case" line="189">
<kw name="Click Element" library="SeleniumLibrary">
<arg>xpath://html/body/section/div/div/div[3]/form/div/a</arg>
<doc>Click the element identified by ``locator``.</doc>
<msg timestamp="20220421 20:42:50.824" level="INFO">Clicking element 'xpath://html/body/section/div/div/div[3]/form/div/a'.</msg>
<status status="PASS" starttime="20220421 20:42:50.824" endtime="20220421 20:42:51.198"/>
</kw>
<kw name="Sleep" library="BuiltIn">
<arg>1s</arg>
<doc>Pauses the test executed for the given time.</doc>
<msg timestamp="20220421 20:42:52.216" level="INFO">Slept 1 second</msg>
<status status="PASS" starttime="20220421 20:42:51.201" endtime="20220421 20:42:52.217"/>
</kw>
<kw name="Execute Javascript" library="SeleniumLibrary">
<arg>window.scrollTo(0, document.body.scrollHeight)</arg>
<doc>Executes the given JavaScript code with possible arguments.</doc>
<msg timestamp="20220421 20:42:52.218" level="INFO">Executing JavaScript:
window.scrollTo(0, document.body.scrollHeight)
Without any arguments.</msg>
<status status="PASS" starttime="20220421 20:42:52.218" endtime="20220421 20:42:52.223"/>
</kw>
<kw name="Sleep" library="BuiltIn">
<arg>2s</arg>
<doc>Pauses the test executed for the given time.</doc>
<msg timestamp="20220421 20:42:54.233" level="INFO">Slept 2 seconds</msg>
<status status="PASS" starttime="20220421 20:42:52.223" endtime="20220421 20:42:54.233"/>
</kw>
<kw name="Click Element" library="SeleniumLibrary">
<arg>xpath://html/body/section/div/div/div[10]/form/div/a</arg>
<doc>Click the element identified by ``locator``.</doc>
<msg timestamp="20220421 20:42:54.234" level="INFO">Clicking element 'xpath://html/body/section/div/div/div[10]/form/div/a'.</msg>
<status status="PASS" starttime="20220421 20:42:54.234" endtime="20220421 20:42:54.444"/>
</kw>
<kw name="Sleep" library="BuiltIn">
<arg>2s</arg>
<doc>Pauses the test executed for the given time.</doc>
<msg timestamp="20220421 20:42:56.456" level="INFO">Slept 2 seconds</msg>
<status status="PASS" starttime="20220421 20:42:54.444" endtime="20220421 20:42:56.456"/>
</kw>
<kw name="Execute Javascript" library="SeleniumLibrary">
<arg>window.scrollTo(0, document.body.scrollHeight)</arg>
<doc>Executes the given JavaScript code with possible arguments.</doc>
<msg timestamp="20220421 20:42:56.456" level="INFO">Executing JavaScript:
window.scrollTo(0, document.body.scrollHeight)
Without any arguments.</msg>
<status status="PASS" starttime="20220421 20:42:56.456" endtime="20220421 20:42:56.460"/>
</kw>
<kw name="Sleep" library="BuiltIn">
<arg>2s</arg>
<doc>Pauses the test executed for the given time.</doc>
<msg timestamp="20220421 20:42:58.472" level="INFO">Slept 2 seconds</msg>
<status status="PASS" starttime="20220421 20:42:56.460" endtime="20220421 20:42:58.472"/>
</kw>
<kw name="Click Element" library="SeleniumLibrary">
<arg>xpath://html/body/section/div/div/div[13]/form/div/a</arg>
<doc>Click the element identified by ``locator``.</doc>
<msg timestamp="20220421 20:42:58.473" level="INFO">Clicking element 'xpath://html/body/section/div/div/div[13]/form/div/a'.</msg>
<status status="PASS" starttime="20220421 20:42:58.472" endtime="20220421 20:42:58.688"/>
</kw>
<kw name="Sleep" library="BuiltIn">
<arg>1s</arg>
<doc>Pauses the test executed for the given time.</doc>
<msg timestamp="20220421 20:42:59.702" level="INFO">Slept 1 second</msg>
<status status="PASS" starttime="20220421 20:42:58.688" endtime="20220421 20:42:59.702"/>
</kw>
<kw name="Click Element" library="SeleniumLibrary">
<arg>xpath://html/body/nav/div/ul/li[4]/a</arg>
<doc>Click the element identified by ``locator``.</doc>
<msg timestamp="20220421 20:42:59.704" level="INFO">Clicking element 'xpath://html/body/nav/div/ul/li[4]/a'.</msg>
<status status="PASS" starttime="20220421 20:42:59.703" endtime="20220421 20:42:59.914"/>
</kw>
<kw name="Sleep" library="BuiltIn">
<arg>6s</arg>
<doc>Pauses the test executed for the given time.</doc>
<msg timestamp="20220421 20:43:05.916" level="INFO">Slept 6 seconds</msg>
<status status="PASS" starttime="20220421 20:42:59.916" endtime="20220421 20:43:05.916"/>
</kw>
<doc>Add to cart</doc>
<tag>user</tag>
<status status="PASS" starttime="20220421 20:42:50.823" endtime="20220421 20:43:05.916"/>
</test>
<test id="s1-t13" name="remove from cart test case" line="205">
<kw name="Click Element" library="SeleniumLibrary">
<arg>xpath://html/body/div[2]/div/div[3]/div/a</arg>
<doc>Click the element identified by ``locator``.</doc>
<msg timestamp="20220421 20:43:05.918" level="INFO">Clicking element 'xpath://html/body/div[2]/div/div[3]/div/a'.</msg>
<status status="PASS" starttime="20220421 20:43:05.918" endtime="20220421 20:43:06.081"/>
</kw>
<kw name="Sleep" library="BuiltIn">
<arg>3s</arg>
<doc>Pauses the test executed for the given time.</doc>
<msg timestamp="20220421 20:43:09.084" level="INFO">Slept 3 seconds</msg>
<status status="PASS" starttime="20220421 20:43:06.082" endtime="20220421 20:43:09.084"/>
</kw>
<doc>Remove from cart</doc>
<tag>user</tag>
<status status="PASS" starttime="20220421 20:43:05.917" endtime="20220421 20:43:09.084"/>
</test>
<test id="s1-t14" name="user Orders test case" line="211">
<kw name="Click Element" library="SeleniumLibrary">
<arg>xpath://html/body/nav/div/ul/li[1]/a</arg>
<doc>Click the element identified by ``locator``.</doc>
<msg timestamp="20220421 20:43:09.085" level="INFO">Clicking element 'xpath://html/body/nav/div/ul/li[1]/a'.</msg>
<status status="PASS" starttime="20220421 20:43:09.085" endtime="20220421 20:43:09.121"/>
</kw>
<kw name="Sleep" library="BuiltIn">
<arg>1s</arg>
<doc>Pauses the test executed for the given time.</doc>
<msg timestamp="20220421 20:43:10.125" level="INFO">Slept 1 second</msg>
<status status="PASS" starttime="20220421 20:43:09.122" endtime="20220421 20:43:10.125"/>
</kw>
<kw name="Click Element" library="SeleniumLibrary">
<arg>xpath://html/body/nav/div/ul/li[1]/ul/li[2]/a</arg>
<doc>Click the element identified by ``locator``.</doc>
<msg timestamp="20220421 20:43:10.126" level="INFO">Clicking element 'xpath://html/body/nav/div/ul/li[1]/ul/li[2]/a'.</msg>
<status status="PASS" starttime="20220421 20:43:10.125" endtime="20220421 20:43:10.291"/>
</kw>
<kw name="Sleep" library="BuiltIn">
<arg>4s</arg>
<doc>Pauses the test executed for the given time.</doc>
<msg timestamp="20220421 20:43:14.309" level="INFO">Slept 4 seconds</msg>
<status status="PASS" starttime="20220421 20:43:10.293" endtime="20220421 20:43:14.309"/>
</kw>
<kw name="Click Element" library="SeleniumLibrary">
<arg>xpath://html/body/div[1]/div/div/a</arg>
<doc>Click the element identified by ``locator``.</doc>
<msg timestamp="20220421 20:43:14.310" level="INFO">Clicking element 'xpath://html/body/div[1]/div/div/a'.</msg>
<status status="PASS" starttime="20220421 20:43:14.310" endtime="20220421 20:43:14.604"/>
</kw>
<kw name="Sleep" library="BuiltIn">
<arg>3s</arg>
<doc>Pauses the test executed for the given time.</doc>
<msg timestamp="20220421 20:43:17.617" level="INFO">Slept 3 seconds</msg>
<status status="PASS" starttime="20220421 20:43:14.604" endtime="20220421 20:43:17.617"/>
</kw>
<doc>user order</doc>
<tag>user</tag>
<status status="PASS" starttime="20220421 20:43:09.085" endtime="20220421 20:43:17.617"/>
</test>
<test id="s1-t15" name="user tracking test case" line="221">
<kw name="Execute Javascript" library="SeleniumLibrary">
<arg>window.scrollTo(0, document.body.scrollHeight)</arg>
<doc>Executes the given JavaScript code with possible arguments.</doc>
<msg timestamp="20220421 20:43:17.619" level="INFO">Executing JavaScript:
window.scrollTo(0, document.body.scrollHeight)
Without any arguments.</msg>
<status status="PASS" starttime="20220421 20:43:17.619" endtime="20220421 20:43:17.623"/>
</kw>
<kw name="Sleep" library="BuiltIn">
<arg>2s</arg>
<doc>Pauses the test executed for the given time.</doc>
<msg timestamp="20220421 20:43:19.639" level="INFO">Slept 2 seconds</msg>
<status status="PASS" starttime="20220421 20:43:17.624" endtime="20220421 20:43:19.639"/>
</kw>
<kw name="Execute Javascript" library="SeleniumLibrary">
<arg>window.scrollTo(document.body.scrollHeight, 0)</arg>
<doc>Executes the given JavaScript code with possible arguments.</doc>
<msg timestamp="20220421 20:43:19.640" level="INFO">Executing JavaScript:
window.scrollTo(document.body.scrollHeight, 0)
Without any arguments.</msg>
<status status="PASS" starttime="20220421 20:43:19.639" endtime="20220421 20:43:19.644"/>
</kw>
<kw name="Sleep" library="BuiltIn">
<arg>2s</arg>
<doc>Pauses the test executed for the given time.</doc>
<msg timestamp="20220421 20:43:21.647" level="INFO">Slept 2 seconds</msg>
<status status="PASS" starttime="20220421 20:43:19.645" endtime="20220421 20:43:21.647"/>
</kw>
<kw name="Click Element" library="SeleniumLibrary">
<arg>xpath://html/body/a</arg>
<doc>Click the element identified by ``locator``.</doc>
<msg timestamp="20220421 20:43:21.647" level="INFO">Clicking element 'xpath://html/body/a'.</msg>
<status status="PASS" starttime="20220421 20:43:21.647" endtime="20220421 20:43:21.774"/>
</kw>
<kw name="Sleep" library="BuiltIn">
<arg>2s</arg>
<doc>Pauses the test executed for the given time.</doc>
<msg timestamp="20220421 20:43:23.789" level="INFO">Slept 2 seconds</msg>
<status status="PASS" starttime="20220421 20:43:21.775" endtime="20220421 20:43:23.789"/>
</kw>
<kw name="Click Element" library="SeleniumLibrary">
<arg>xpath://html/body/nav/div/ul/li[3]/a</arg>
<doc>Click the element identified by ``locator``.</doc>
<msg timestamp="20220421 20:43:23.789" level="INFO">Clicking element 'xpath://html/body/nav/div/ul/li[3]/a'.</msg>
<status status="PASS" starttime="20220421 20:43:23.789" endtime="20220421 20:43:23.919"/>
</kw>
<kw name="Sleep" library="BuiltIn">
<arg>5s</arg>
<doc>Pauses the test executed for the given time.</doc>
<msg timestamp="20220421 20:43:28.931" level="INFO">Slept 5 seconds</msg>
<status status="PASS" starttime="20220421 20:43:23.920" endtime="20220421 20:43:28.931"/>
</kw>
<kw name="Close Browser" library="SeleniumLibrary">
<doc>Closes the current browser.</doc>
<status status="PASS" starttime="20220421 20:43:28.932" endtime="20220421 20:43:31.185"/>
</kw>
<doc>user tracking</doc>
<tag>user</tag>
<status status="PASS" starttime="20220421 20:43:17.618" endtime="20220421 20:43:31.189"/>
</test>
<status status="PASS" starttime="20220421 20:41:09.043" endtime="20220421 20:43:31.191"/>
</suite>
<statistics>
<total>
<stat pass="15" fail="0" skip="0">All Tests</stat>
</total>
<tag>
<stat pass="7" fail="0" skip="0">admin</stat>
<stat pass="8" fail="0" skip="0">user</stat>
</tag>
<suite>
<stat pass="15" fail="0" skip="0" id="s1" name="FarmEasy">FarmEasy</stat>
</suite>
</statistics>
<errors>
</errors>
</robot>
