<?xml version="1.0" encoding="UTF-8"?>
<robot generator="Robot 5.0 (Python 3.9.7 on win32)" generated="20220420 23:40:25.417" rpa="false" schemaversion="3">
<suite id="s1" name="FarmEasy" source="C:\Users\yashi\PycharmProjects\FarmEasy-Automation-using-Robot\Tests\FarmEasy\FunctionalTestSuite\FarmEasy.robot">
<test id="s1-t1" name="admin login page test case" line="21">
<kw name="Open Browser" library="SeleniumLibrary">
<arg>${url}</arg>
<arg>chrome</arg>
<doc>Opens a new browser instance to the optional ``url``.</doc>
<msg timestamp="20220420 23:40:25.641" level="INFO">Opening browser 'chrome' to base url 'http://127.0.0.1:5000/'.</msg>
<status status="PASS" starttime="20220420 23:40:25.640" endtime="20220420 23:40:28.430"/>
</kw>
<kw name="Maximize Browser Window" library="SeleniumLibrary">
<doc>Maximizes current browser window.</doc>
<status status="PASS" starttime="20220420 23:40:28.432" endtime="20220420 23:40:28.683"/>
</kw>
<kw name="Sleep" library="BuiltIn">
<arg>2s</arg>
<doc>Pauses the test executed for the given time.</doc>
<msg timestamp="20220420 23:40:30.702" level="INFO">Slept 2 seconds</msg>
<status status="PASS" starttime="20220420 23:40:28.685" endtime="20220420 23:40:30.702"/>
</kw>
<kw name="Click Element" library="SeleniumLibrary">
<arg>xpath://html/body/section[1]/div/ul/li[7]/a</arg>
<doc>Click the element identified by ``locator``.</doc>
<msg timestamp="20220420 23:40:30.703" level="INFO">Clicking element 'xpath://html/body/section[1]/div/ul/li[7]/a'.</msg>
<status status="PASS" starttime="20220420 23:40:30.702" endtime="20220420 23:40:30.982"/>
</kw>
<kw name="Sleep" library="BuiltIn">
<arg>1s</arg>
<doc>Pauses the test executed for the given time.</doc>
<msg timestamp="20220420 23:40:32.000" level="INFO">Slept 1 second</msg>
<status status="PASS" starttime="20220420 23:40:30.984" endtime="20220420 23:40:32.000"/>
</kw>
<kw name="Input Text" library="SeleniumLibrary">
<arg>name:name</arg>
<arg>${username}</arg>
<doc>Types the given ``text`` into the text field identified by ``locator``.</doc>
<msg timestamp="20220420 23:40:32.001" level="INFO">Typing text 'admin' into text field 'name:name'.</msg>
<status status="PASS" starttime="20220420 23:40:32.001" endtime="20220420 23:40:32.081"/>
</kw>
<kw name="Sleep" library="BuiltIn">
<arg>1s</arg>
<doc>Pauses the test executed for the given time.</doc>
<msg timestamp="20220420 23:40:33.090" level="INFO">Slept 1 second</msg>
<status status="PASS" starttime="20220420 23:40:32.082" endtime="20220420 23:40:33.090"/>
</kw>
<kw name="Input Text" library="SeleniumLibrary">
<arg>name:pass</arg>
<arg>${pasword}</arg>
<doc>Types the given ``text`` into the text field identified by ``locator``.</doc>
<msg timestamp="20220420 23:40:33.091" level="INFO">Typing text '12345' into text field 'name:pass'.</msg>
<status status="PASS" starttime="20220420 23:40:33.090" endtime="20220420 23:40:33.338"/>
</kw>
<kw name="Sleep" library="BuiltIn">
<arg>1s</arg>
<doc>Pauses the test executed for the given time.</doc>
<msg timestamp="20220420 23:40:34.339" level="INFO">Slept 1 second</msg>
<status status="PASS" starttime="20220420 23:40:33.338" endtime="20220420 23:40:34.339"/>
</kw>
<kw name="Click Button" library="SeleniumLibrary">
<arg>xpath://html/body/div/div/div/div/form/button</arg>
<doc>Clicks the button identified by ``locator``.</doc>
<msg timestamp="20220420 23:40:34.340" level="INFO">Clicking button 'xpath://html/body/div/div/div/div/form/button'.</msg>
<status status="PASS" starttime="20220420 23:40:34.339" endtime="20220420 23:40:34.577"/>
</kw>
<kw name="Sleep" library="BuiltIn">
<arg>3s</arg>
<doc>Pauses the test executed for the given time.</doc>
<msg timestamp="20220420 23:40:37.586" level="INFO">Slept 3 seconds</msg>
<status status="PASS" starttime="20220420 23:40:34.577" endtime="20220420 23:40:37.586"/>
</kw>
<doc>admin login</doc>
<tag>admin</tag>
<status status="PASS" starttime="20220420 23:40:25.640" endtime="20220420 23:40:37.586"/>
</test>
<test id="s1-t2" name="add product test case" line="36">
<kw name="Click Link" library="SeleniumLibrary">
<arg>xpath://html/body/nav[1]/div/div/ul/li[1]/a</arg>
<doc>Clicks a link identified by ``locator``.</doc>
<msg timestamp="20220420 23:40:37.588" level="INFO">Clicking link 'xpath://html/body/nav[1]/div/div/ul/li[1]/a'.</msg>
<status status="PASS" starttime="20220420 23:40:37.588" endtime="20220420 23:40:37.653"/>
</kw>
<kw name="Sleep" library="BuiltIn">
<arg>2s</arg>
<doc>Pauses the test executed for the given time.</doc>
<msg timestamp="20220420 23:40:39.657" level="INFO">Slept 2 seconds</msg>
<status status="PASS" starttime="20220420 23:40:37.653" endtime="20220420 23:40:39.658"/>
</kw>
<kw name="Click Link" library="SeleniumLibrary">
<arg>xpath://html/body/nav[2]/div/div/a[2]</arg>
<doc>Clicks a link identified by ``locator``.</doc>
<msg timestamp="20220420 23:40:39.659" level="INFO">Clicking link 'xpath://html/body/nav[2]/div/div/a[2]'.</msg>
<status status="PASS" starttime="20220420 23:40:39.659" endtime="20220420 23:40:39.764"/>
</kw>
<kw name="Sleep" library="BuiltIn">
<arg>1s</arg>
<doc>Pauses the test executed for the given time.</doc>
<msg timestamp="20220420 23:40:40.774" level="INFO">Slept 1 second</msg>
<status status="PASS" starttime="20220420 23:40:39.765" endtime="20220420 23:40:40.774"/>
</kw>
<kw name="Input Text" library="SeleniumLibrary">
<arg>name:pid</arg>
<arg>${pid}</arg>
<doc>Types the given ``text`` into the text field identified by ``locator``.</doc>
<msg timestamp="20220420 23:40:40.774" level="INFO">Typing text '14' into text field 'name:pid'.</msg>
<status status="PASS" starttime="20220420 23:40:40.774" endtime="20220420 23:40:40.841"/>
</kw>
<kw name="Sleep" library="BuiltIn">
<arg>1s</arg>
<doc>Pauses the test executed for the given time.</doc>
<msg timestamp="20220420 23:40:41.851" level="INFO">Slept 1 second</msg>
<status status="PASS" starttime="20220420 23:40:40.842" endtime="20220420 23:40:41.851"/>
</kw>
<kw name="Input Text" library="SeleniumLibrary">
<arg>name:bname</arg>
<arg>${bname}</arg>
<doc>Types the given ``text`` into the text field identified by ``locator``.</doc>
<msg timestamp="20220420 23:40:41.852" level="INFO">Typing text 'Kurkure' into text field 'name:bname'.</msg>
<status status="PASS" starttime="20220420 23:40:41.851" endtime="20220420 23:40:41.928"/>
</kw>
<kw name="Sleep" library="BuiltIn">
<arg>1s</arg>
<doc>Pauses the test executed for the given time.</doc>
<msg timestamp="20220420 23:40:42.931" level="INFO">Slept 1 second</msg>
<status status="PASS" starttime="20220420 23:40:41.928" endtime="20220420 23:40:42.931"/>
</kw>
<kw name="Input Text" library="SeleniumLibrary">
<arg>name:pname</arg>
<arg>${pname}</arg>
<doc>Types the given ``text`` into the text field identified by ``locator``.</doc>
<msg timestamp="20220420 23:40:42.932" level="INFO">Typing text 'Fresho' into text field 'name:pname'.</msg>
<status status="PASS" starttime="20220420 23:40:42.931" endtime="20220420 23:40:43.001"/>
</kw>
<kw name="Sleep" library="BuiltIn">
<arg>1s</arg>
<doc>Pauses the test executed for the given time.</doc>
<msg timestamp="20220420 23:40:44.006" level="INFO">Slept 1 second</msg>
<status status="PASS" starttime="20220420 23:40:43.001" endtime="20220420 23:40:44.006"/>
</kw>
<kw name="Choose File" library="SeleniumLibrary">
<arg>name:img</arg>
<arg>C:/Users/yashi/PycharmProjects/FarmEasy/static/uploads/kurkure.jpg</arg>
<doc>Inputs the ``file_path`` into the file input field ``locator``.</doc>
<msg timestamp="20220420 23:40:44.007" level="INFO">Sending C:\Users\yashi\PycharmProjects\FarmEasy\static\uploads\kurkure.jpg to browser.</msg>
<status status="PASS" starttime="20220420 23:40:44.007" endtime="20220420 23:40:44.034"/>
</kw>
<kw name="Sleep" library="BuiltIn">
<arg>1s</arg>
<doc>Pauses the test executed for the given time.</doc>
<msg timestamp="20220420 23:40:45.041" level="INFO">Slept 1 second</msg>
<status status="PASS" starttime="20220420 23:40:44.034" endtime="20220420 23:40:45.041"/>
</kw>
<kw name="Input Text" library="SeleniumLibrary">
<arg>name:price</arg>
<arg>${price}</arg>
<doc>Types the given ``text`` into the text field identified by ``locator``.</doc>
<msg timestamp="20220420 23:40:45.042" level="INFO">Typing text '20' into text field 'name:price'.</msg>
<status status="PASS" starttime="20220420 23:40:45.042" endtime="20220420 23:40:45.117"/>
</kw>
<kw name="Sleep" library="BuiltIn">
<arg>1s</arg>
<doc>Pauses the test executed for the given time.</doc>
<msg timestamp="20220420 23:40:46.122" level="INFO">Slept 1 second</msg>
<status status="PASS" starttime="20220420 23:40:45.117" endtime="20220420 23:40:46.122"/>
</kw>
<kw name="Click Button" library="SeleniumLibrary">
<arg>xpath://html/body/div/div/div/form/table/tbody/tr[7]/td[2]/button</arg>
<doc>Clicks the button identified by ``locator``.</doc>
<msg timestamp="20220420 23:40:46.123" level="INFO">Clicking button 'xpath://html/body/div/div/div/form/table/tbody/tr[7]/td[2]/button'.</msg>
<status status="PASS" starttime="20220420 23:40:46.122" endtime="20220420 23:40:46.222"/>
</kw>
<kw name="Sleep" library="BuiltIn">
<arg>1s</arg>
<doc>Pauses the test executed for the given time.</doc>
<msg timestamp="20220420 23:40:47.231" level="INFO">Slept 1 second</msg>
<status status="PASS" starttime="20220420 23:40:46.223" endtime="20220420 23:40:47.231"/>
</kw>
<kw name="Click Link" library="SeleniumLibrary">
<arg>xpath://html/body/nav[1]/div/div/ul/li[1]/a</arg>
<doc>Clicks a link identified by ``locator``.</doc>
<msg timestamp="20220420 23:40:47.232" level="INFO">Clicking link 'xpath://html/body/nav[1]/div/div/ul/li[1]/a'.</msg>
<status status="PASS" starttime="20220420 23:40:47.232" endtime="20220420 23:40:47.308"/>
</kw>
<kw name="Sleep" library="BuiltIn">
<arg>1s</arg>
<doc>Pauses the test executed for the given time.</doc>
<msg timestamp="20220420 23:40:48.319" level="INFO">Slept 1 second</msg>
<status status="PASS" starttime="20220420 23:40:47.309" endtime="20220420 23:40:48.319"/>
</kw>
<doc>adding a product</doc>
<tag>add</tag>
<status status="PASS" starttime="20220420 23:40:37.587" endtime="20220420 23:40:48.320"/>
</test>
<test id="s1-t3" name="search product test case" line="58">
<kw name="Click Link" library="SeleniumLibrary">
<arg>xpath://html/body/nav[2]/div/div/a[1]</arg>
<doc>Clicks a link identified by ``locator``.</doc>
<msg timestamp="20220420 23:40:48.322" level="INFO">Clicking link 'xpath://html/body/nav[2]/div/div/a[1]'.</msg>
<status status="PASS" starttime="20220420 23:40:48.322" endtime="20220420 23:40:48.385"/>
</kw>
<kw name="Sleep" library="BuiltIn">
<arg>2s</arg>
<doc>Pauses the test executed for the given time.</doc>
<msg timestamp="20220420 23:40:50.397" level="INFO">Slept 2 seconds</msg>
<status status="PASS" starttime="20220420 23:40:48.386" endtime="20220420 23:40:50.397"/>
</kw>
<kw name="Input Text" library="SeleniumLibrary">
<arg>name:pid</arg>
<arg>${productid}</arg>
<doc>Types the given ``text`` into the text field identified by ``locator``.</doc>
<msg timestamp="20220420 23:40:50.398" level="INFO">Typing text '14' into text field 'name:pid'.</msg>
<status status="PASS" starttime="20220420 23:40:50.398" endtime="20220420 23:40:50.459"/>
</kw>
<kw name="Sleep" library="BuiltIn">
<arg>1s</arg>
<doc>Pauses the test executed for the given time.</doc>
<msg timestamp="20220420 23:40:51.464" level="INFO">Slept 1 second</msg>
<status status="PASS" starttime="20220420 23:40:50.460" endtime="20220420 23:40:51.464"/>
</kw>
<kw name="Click Button" library="SeleniumLibrary">
<arg>xpath://html/body/div[1]/div/form/table/tbody/tr[2]/td[2]/button</arg>
<doc>Clicks the button identified by ``locator``.</doc>
<msg timestamp="20220420 23:40:51.465" level="INFO">Clicking button 'xpath://html/body/div[1]/div/form/table/tbody/tr[2]/td[2]/button'.</msg>
<status status="PASS" starttime="20220420 23:40:51.464" endtime="20220420 23:40:51.525"/>
</kw>
<kw name="Sleep" library="BuiltIn">
<arg>3s</arg>
<doc>Pauses the test executed for the given time.</doc>
<msg timestamp="20220420 23:40:54.542" level="INFO">Slept 3 seconds</msg>
<status status="PASS" starttime="20220420 23:40:51.526" endtime="20220420 23:40:54.542"/>
</kw>
<doc>search a product</doc>
<tag>search</tag>
<status status="PASS" starttime="20220420 23:40:48.321" endtime="20220420 23:40:54.542"/>
</test>
<test id="s1-t4" name="delete product test case" line="68">
<kw name="Click Link" library="SeleniumLibrary">
<arg>xpath://html/body/nav/div/div/ul/li[1]/a</arg>
<doc>Clicks a link identified by ``locator``.</doc>
<msg timestamp="20220420 23:40:54.545" level="INFO">Clicking link 'xpath://html/body/nav/div/div/ul/li[1]/a'.</msg>
<status status="PASS" starttime="20220420 23:40:54.545" endtime="20220420 23:40:54.624"/>
</kw>
<kw name="Sleep" library="BuiltIn">
<arg>3s</arg>
<doc>Pauses the test executed for the given time.</doc>
<msg timestamp="20220420 23:40:57.628" level="INFO">Slept 3 seconds</msg>
<status status="PASS" starttime="20220420 23:40:54.625" endtime="20220420 23:40:57.628"/>
</kw>
<kw name="Click Link" library="SeleniumLibrary">
<arg>xpath://html/body/div/div/div/table/tbody/tr[5]/td[5]/a</arg>
<doc>Clicks a link identified by ``locator``.</doc>
<msg timestamp="20220420 23:40:57.629" level="INFO">Clicking link 'xpath://html/body/div/div/div/table/tbody/tr[5]/td[5]/a'.</msg>
<status status="PASS" starttime="20220420 23:40:57.628" endtime="20220420 23:40:57.717"/>
</kw>
<kw name="Sleep" library="BuiltIn">
<arg>3s</arg>
<doc>Pauses the test executed for the given time.</doc>
<msg timestamp="20220420 23:41:00.726" level="INFO">Slept 3 seconds</msg>
<status status="PASS" starttime="20220420 23:40:57.717" endtime="20220420 23:41:00.726"/>
</kw>
<kw name="Click Link" library="SeleniumLibrary">
<arg>xpath://html/body/div/div/div/table/tbody/tr[6]/td[5]/a</arg>
<doc>Clicks a link identified by ``locator``.</doc>
<msg timestamp="20220420 23:41:00.728" level="INFO">Clicking link 'xpath://html/body/div/div/div/table/tbody/tr[6]/td[5]/a'.</msg>
<status status="PASS" starttime="20220420 23:41:00.727" endtime="20220420 23:41:00.807"/>
</kw>
<kw name="Sleep" library="BuiltIn">
<arg>3s</arg>
<doc>Pauses the test executed for the given time.</doc>
<msg timestamp="20220420 23:41:03.814" level="INFO">Slept 3 seconds</msg>
<status status="PASS" starttime="20220420 23:41:00.808" endtime="20220420 23:41:03.814"/>
</kw>
<kw name="Click Link" library="SeleniumLibrary">
<arg>xpath://html/body/nav[1]/div/div/ul/li[2]/a</arg>
<doc>Clicks a link identified by ``locator``.</doc>
<msg timestamp="20220420 23:41:03.816" level="INFO">Clicking link 'xpath://html/body/nav[1]/div/div/ul/li[2]/a'.</msg>
<status status="PASS" starttime="20220420 23:41:03.816" endtime="20220420 23:41:03.889"/>
</kw>
<kw name="Sleep" library="BuiltIn">
<arg>2s</arg>
<doc>Pauses the test executed for the given time.</doc>
<msg timestamp="20220420 23:41:05.895" level="INFO">Slept 2 seconds</msg>
<status status="PASS" starttime="20220420 23:41:03.889" endtime="20220420 23:41:05.895"/>
</kw>
<kw name="Click Link" library="SeleniumLibrary">
<arg>xpath://html/body/nav[1]/div/div/ul/li[3]/a</arg>
<doc>Clicks a link identified by ``locator``.</doc>
<msg timestamp="20220420 23:41:05.897" level="INFO">Clicking link 'xpath://html/body/nav[1]/div/div/ul/li[3]/a'.</msg>
<status status="PASS" starttime="20220420 23:41:05.896" endtime="20220420 23:41:06.029"/>
</kw>
<kw name="Sleep" library="BuiltIn">
<arg>2s</arg>
<doc>Pauses the test executed for the given time.</doc>
<msg timestamp="20220420 23:41:08.033" level="INFO">Slept 2 seconds</msg>
<status status="PASS" starttime="20220420 23:41:06.030" endtime="20220420 23:41:08.033"/>
</kw>
<doc>deleting a product</doc>
<tag>delete</tag>
<status status="PASS" starttime="20220420 23:40:54.543" endtime="20220420 23:41:08.034"/>
</test>
<test id="s1-t5" name="user sign up test case" line="82">
<kw name="Click Link" library="SeleniumLibrary">
<arg>xpath://html/body/section[1]/div/ul/li[5]/a</arg>
<doc>Clicks a link identified by ``locator``.</doc>
<msg timestamp="20220420 23:41:08.036" level="INFO">Clicking link 'xpath://html/body/section[1]/div/ul/li[5]/a'.</msg>
<status status="PASS" starttime="20220420 23:41:08.036" endtime="20220420 23:41:08.126"/>
</kw>
<kw name="Sleep" library="BuiltIn">
<arg>1s</arg>
<doc>Pauses the test executed for the given time.</doc>
<msg timestamp="20220420 23:41:09.140" level="INFO">Slept 1 second</msg>
<status status="PASS" starttime="20220420 23:41:08.127" endtime="20220420 23:41:09.140"/>
</kw>
<kw name="Input Text" library="SeleniumLibrary">
<arg>name:firstname</arg>
<arg>abc</arg>
<doc>Types the given ``text`` into the text field identified by ``locator``.</doc>
<msg timestamp="20220420 23:41:09.142" level="INFO">Typing text 'abc' into text field 'name:firstname'.</msg>
<status status="PASS" starttime="20220420 23:41:09.141" endtime="20220420 23:41:09.204"/>
</kw>
<kw name="Sleep" library="BuiltIn">
<arg>1s</arg>
<doc>Pauses the test executed for the given time.</doc>
<msg timestamp="20220420 23:41:10.206" level="INFO">Slept 1 second</msg>
<status status="PASS" starttime="20220420 23:41:09.204" endtime="20220420 23:41:10.206"/>
</kw>
<kw name="Input Text" library="SeleniumLibrary">
<arg>name:lastname</arg>
<arg>def</arg>
<doc>Types the given ``text`` into the text field identified by ``locator``.</doc>
<msg timestamp="20220420 23:41:10.207" level="INFO">Typing text 'def' into text field 'name:lastname'.</msg>
<status status="PASS" starttime="20220420 23:41:10.206" endtime="20220420 23:41:10.268"/>
</kw>
<kw name="Sleep" library="BuiltIn">
<arg>1s</arg>
<doc>Pauses the test executed for the given time.</doc>
<msg timestamp="20220420 23:41:11.277" level="INFO">Slept 1 second</msg>
<status status="PASS" starttime="20220420 23:41:10.269" endtime="20220420 23:41:11.277"/>
</kw>
<kw name="Input Text" library="SeleniumLibrary">
<arg>name:DOB</arg>
<arg>15/06/2000</arg>
<doc>Types the given ``text`` into the text field identified by ``locator``.</doc>
<msg timestamp="20220420 23:41:11.278" level="INFO">Typing text '15/06/2000' into text field 'name:DOB'.</msg>
<status status="PASS" starttime="20220420 23:41:11.277" endtime="20220420 23:41:11.340"/>
</kw>
<kw name="Sleep" library="BuiltIn">
<arg>1s</arg>
<doc>Pauses the test executed for the given time.</doc>
<msg timestamp="20220420 23:41:12.348" level="INFO">Slept 1 second</msg>
<status status="PASS" starttime="20220420 23:41:11.340" endtime="20220420 23:41:12.348"/>
</kw>
<kw name="Input Text" library="SeleniumLibrary">
<arg>name:email</arg>
<arg>${email}</arg>
<doc>Types the given ``text`` into the text field identified by ``locator``.</doc>
<msg timestamp="20220420 23:41:12.349" level="INFO">Typing text 'abc@gmail.com' into text field 'name:email'.</msg>
<status status="PASS" starttime="20220420 23:41:12.348" endtime="20220420 23:41:12.418"/>
</kw>
<kw name="Sleep" library="BuiltIn">
<arg>1s</arg>
<doc>Pauses the test executed for the given time.</doc>
<msg timestamp="20220420 23:41:13.431" level="INFO">Slept 1 second</msg>
<status status="PASS" starttime="20220420 23:41:12.419" endtime="20220420 23:41:13.431"/>
</kw>
<kw name="Input Text" library="SeleniumLibrary">
<arg>name:phone</arg>
<arg>1234567890</arg>
<doc>Types the given ``text`` into the text field identified by ``locator``.</doc>
<msg timestamp="20220420 23:41:13.432" level="INFO">Typing text '1234567890' into text field 'name:phone'.</msg>
<status status="PASS" starttime="20220420 23:41:13.432" endtime="20220420 23:41:13.505"/>
</kw>
<kw name="Sleep" library="BuiltIn">
<arg>1s</arg>
<doc>Pauses the test executed for the given time.</doc>
<msg timestamp="20220420 23:41:14.517" level="INFO">Slept 1 second</msg>
<status status="PASS" starttime="20220420 23:41:13.505" endtime="20220420 23:41:14.517"/>
</kw>
<kw name="Input Text" library="SeleniumLibrary">
<arg>name:pass</arg>
<arg>${password}</arg>
<doc>Types the given ``text`` into the text field identified by ``locator``.</doc>
<msg timestamp="20220420 23:41:14.518" level="INFO">Typing text '123' into text field 'name:pass'.</msg>
<status status="PASS" starttime="20220420 23:41:14.517" endtime="20220420 23:41:14.579"/>
</kw>
<kw name="Sleep" library="BuiltIn">
<arg>1s</arg>
<doc>Pauses the test executed for the given time.</doc>
<msg timestamp="20220420 23:41:15.594" level="INFO">Slept 1 second</msg>
<status status="PASS" starttime="20220420 23:41:14.579" endtime="20220420 23:41:15.594"/>
</kw>
<kw name="Input Text" library="SeleniumLibrary">
<arg>name:cnfpass</arg>
<arg>${password}</arg>
<doc>Types the given ``text`` into the text field identified by ``locator``.</doc>
<msg timestamp="20220420 23:41:15.595" level="INFO">Typing text '123' into text field 'name:cnfpass'.</msg>
<status status="PASS" starttime="20220420 23:41:15.594" endtime="20220420 23:41:15.656"/>
</kw>
<kw name="Sleep" library="BuiltIn">
<arg>1s</arg>
<doc>Pauses the test executed for the given time.</doc>
<msg timestamp="20220420 23:41:16.662" level="INFO">Slept 1 second</msg>
<status status="PASS" starttime="20220420 23:41:15.656" endtime="20220420 23:41:16.662"/>
</kw>
<kw name="Click Button" library="SeleniumLibrary">
<arg>xpath://html/body/div/div/form/table/tbody/tr[8]/td[2]/button</arg>
<doc>Clicks the button identified by ``locator``.</doc>
<msg timestamp="20220420 23:41:16.663" level="INFO">Clicking button 'xpath://html/body/div/div/form/table/tbody/tr[8]/td[2]/button'.</msg>
<status status="PASS" starttime="20220420 23:41:16.663" endtime="20220420 23:41:16.759"/>
</kw>
<kw name="Sleep" library="BuiltIn">
<arg>3s</arg>
<doc>Pauses the test executed for the given time.</doc>
<msg timestamp="20220420 23:41:19.761" level="INFO">Slept 3 seconds</msg>
<status status="PASS" starttime="20220420 23:41:16.759" endtime="20220420 23:41:19.761"/>
</kw>
<doc>user signup</doc>
<tag>user</tag>
<status status="PASS" starttime="20220420 23:41:08.035" endtime="20220420 23:41:19.761"/>
</test>
<test id="s1-t6" name="user login test case" line="104">
<kw name="Input Text" library="SeleniumLibrary">
<arg>name:email</arg>
<arg>${email}</arg>
<doc>Types the given ``text`` into the text field identified by ``locator``.</doc>
<msg timestamp="20220420 23:41:19.763" level="INFO">Typing text 'abc@gmail.com' into text field 'name:email'.</msg>
<status status="PASS" starttime="20220420 23:41:19.763" endtime="20220420 23:41:19.837"/>
</kw>
<kw name="Sleep" library="BuiltIn">
<arg>1s</arg>
<doc>Pauses the test executed for the given time.</doc>
<msg timestamp="20220420 23:41:20.841" level="INFO">Slept 1 second</msg>
<status status="PASS" starttime="20220420 23:41:19.837" endtime="20220420 23:41:20.841"/>
</kw>
<kw name="Input Text" library="SeleniumLibrary">
<arg>name:pass</arg>
<arg>${password}</arg>
<doc>Types the given ``text`` into the text field identified by ``locator``.</doc>
<msg timestamp="20220420 23:41:20.842" level="INFO">Typing text '123' into text field 'name:pass'.</msg>
<status status="PASS" starttime="20220420 23:41:20.841" endtime="20220420 23:41:20.905"/>
</kw>
<kw name="Sleep" library="BuiltIn">
<arg>1s</arg>
<doc>Pauses the test executed for the given time.</doc>
<msg timestamp="20220420 23:41:21.906" level="INFO">Slept 1 second</msg>
<status status="PASS" starttime="20220420 23:41:20.905" endtime="20220420 23:41:21.906"/>
</kw>
<kw name="Click Button" library="SeleniumLibrary">
<arg>xpath://html/body/div/div/div/div/form/button</arg>
<doc>Clicks the button identified by ``locator``.</doc>
<msg timestamp="20220420 23:41:21.906" level="INFO">Clicking button 'xpath://html/body/div/div/div/div/form/button'.</msg>
<status status="PASS" starttime="20220420 23:41:21.906" endtime="20220420 23:41:22.050"/>
</kw>
<kw name="Sleep" library="BuiltIn">
<arg>3s</arg>
<doc>Pauses the test executed for the given time.</doc>
<msg timestamp="20220420 23:41:25.051" level="INFO">Slept 3 seconds</msg>
<status status="PASS" starttime="20220420 23:41:22.050" endtime="20220420 23:41:25.051"/>
</kw>
<doc>user login</doc>
<tag>user</tag>
<status status="PASS" starttime="20220420 23:41:19.762" endtime="20220420 23:41:25.051"/>
</test>
<test id="s1-t7" name="viewall products test case" line="114">
<kw name="Switch Window" library="SeleniumLibrary">
<arg>title:Home Page</arg>
<doc>Switches to browser window matching ``locator``.</doc>
<status status="PASS" starttime="20220420 23:41:25.053" endtime="20220420 23:41:25.066"/>
</kw>
<kw name="Click Link" library="SeleniumLibrary">
<arg>xpath://html/body/section[1]/div/ul/li[2]/a</arg>
<doc>Clicks a link identified by ``locator``.</doc>
<msg timestamp="20220420 23:41:25.066" level="INFO">Clicking link 'xpath://html/body/section[1]/div/ul/li[2]/a'.</msg>
<status status="PASS" starttime="20220420 23:41:25.066" endtime="20220420 23:41:25.314"/>
</kw>
<kw name="Sleep" library="BuiltIn">
<arg>2s</arg>
<doc>Pauses the test executed for the given time.</doc>
<msg timestamp="20220420 23:41:27.330" level="INFO">Slept 2 seconds</msg>
<status status="PASS" starttime="20220420 23:41:25.315" endtime="20220420 23:41:27.330"/>
</kw>
<doc>view all products</doc>
<tag>viewall</tag>
<status status="PASS" starttime="20220420 23:41:25.052" endtime="20220420 23:41:27.330"/>
</test>
<test id="s1-t8" name="add to cart test case" line="121">
<kw name="Click Link" library="SeleniumLibrary">
<arg>xpath://html/body/section[2]/div/div/div[2]/form/div/a</arg>
<doc>Clicks a link identified by ``locator``.</doc>
<msg timestamp="20220420 23:41:27.332" level="INFO">Clicking link 'xpath://html/body/section[2]/div/div/div[2]/form/div/a'.</msg>
<status status="PASS" starttime="20220420 23:41:27.332" endtime="20220420 23:41:27.537"/>
</kw>
<kw name="Sleep" library="BuiltIn">
<arg>1s</arg>
<doc>Pauses the test executed for the given time.</doc>
<msg timestamp="20220420 23:41:28.547" level="INFO">Slept 1 second</msg>
<status status="PASS" starttime="20220420 23:41:27.538" endtime="20220420 23:41:28.547"/>
</kw>
<kw name="Click Link" library="SeleniumLibrary">
<arg>xpath://html/body/div/ul/li[1]/a</arg>
<doc>Clicks a link identified by ``locator``.</doc>
<msg timestamp="20220420 23:41:28.547" level="INFO">Clicking link 'xpath://html/body/div/ul/li[1]/a'.</msg>
<status status="PASS" starttime="20220420 23:41:28.547" endtime="20220420 23:41:28.649"/>
</kw>
<kw name="Sleep" library="BuiltIn">
<arg>1s</arg>
<doc>Pauses the test executed for the given time.</doc>
<msg timestamp="20220420 23:41:29.656" level="INFO">Slept 1 second</msg>
<status status="PASS" starttime="20220420 23:41:28.650" endtime="20220420 23:41:29.656"/>
</kw>
<kw name="Click Link" library="SeleniumLibrary">
<arg>xpath://html/body/div/ul/li[2]/a</arg>
<doc>Clicks a link identified by ``locator``.</doc>
<msg timestamp="20220420 23:41:29.657" level="INFO">Clicking link 'xpath://html/body/div/ul/li[2]/a'.</msg>
<status status="PASS" starttime="20220420 23:41:29.656" endtime="20220420 23:41:29.752"/>
</kw>
<kw name="Sleep" library="BuiltIn">
<arg>1s</arg>
<doc>Pauses the test executed for the given time.</doc>
<msg timestamp="20220420 23:41:30.757" level="INFO">Slept 1 second</msg>
<status status="PASS" starttime="20220420 23:41:29.753" endtime="20220420 23:41:30.757"/>
</kw>
<kw name="Click Link" library="SeleniumLibrary">
<arg>xpath://html/body/div/ul/li[3]/a</arg>
<doc>Clicks a link identified by ``locator``.</doc>
<msg timestamp="20220420 23:41:30.758" level="INFO">Clicking link 'xpath://html/body/div/ul/li[3]/a'.</msg>
<status status="PASS" starttime="20220420 23:41:30.757" endtime="20220420 23:41:30.831"/>
</kw>
<kw name="Sleep" library="BuiltIn">
<arg>1s</arg>
<doc>Pauses the test executed for the given time.</doc>
<msg timestamp="20220420 23:41:31.841" level="INFO">Slept 1 second</msg>
<status status="PASS" starttime="20220420 23:41:30.831" endtime="20220420 23:41:31.841"/>
</kw>
<kw name="Click Link" library="SeleniumLibrary">
<arg>xpath://html/body/div/ul/li[4]/a</arg>
<doc>Clicks a link identified by ``locator``.</doc>
<msg timestamp="20220420 23:41:31.841" level="INFO">Clicking link 'xpath://html/body/div/ul/li[4]/a'.</msg>
<status status="PASS" starttime="20220420 23:41:31.841" endtime="20220420 23:41:31.950"/>
</kw>
<kw name="Sleep" library="BuiltIn">
<arg>1s</arg>
<doc>Pauses the test executed for the given time.</doc>
<msg timestamp="20220420 23:41:32.952" level="INFO">Slept 1 second</msg>
<status status="PASS" starttime="20220420 23:41:31.950" endtime="20220420 23:41:32.952"/>
</kw>
<kw name="Click Link" library="SeleniumLibrary">
<arg>xpath://html/body/div/ul/li[5]/a</arg>
<doc>Clicks a link identified by ``locator``.</doc>
<msg timestamp="20220420 23:41:32.953" level="INFO">Clicking link 'xpath://html/body/div/ul/li[5]/a'.</msg>
<status status="PASS" starttime="20220420 23:41:32.952" endtime="20220420 23:41:33.044"/>
</kw>
<kw name="Sleep" library="BuiltIn">
<arg>1s</arg>
<doc>Pauses the test executed for the given time.</doc>
<msg timestamp="20220420 23:41:34.050" level="INFO">Slept 1 second</msg>
<status status="PASS" starttime="20220420 23:41:33.045" endtime="20220420 23:41:34.050"/>
</kw>
<kw name="Click Link" library="SeleniumLibrary">
<arg>xpath://html/body/div/ul/li[6]/a</arg>
<doc>Clicks a link identified by ``locator``.</doc>
<msg timestamp="20220420 23:41:34.050" level="INFO">Clicking link 'xpath://html/body/div/ul/li[6]/a'.</msg>
<status status="PASS" starttime="20220420 23:41:34.050" endtime="20220420 23:41:34.133"/>
</kw>
<kw name="Sleep" library="BuiltIn">
<arg>1s</arg>
<doc>Pauses the test executed for the given time.</doc>
<msg timestamp="20220420 23:41:35.143" level="INFO">Slept 1 second</msg>
<status status="PASS" starttime="20220420 23:41:34.134" endtime="20220420 23:41:35.143"/>
</kw>
<kw name="Click Link" library="SeleniumLibrary">
<arg>xpath://html/body/section[2]/div/div/div[1]/form/div/a</arg>
<doc>Clicks a link identified by ``locator``.</doc>
<msg timestamp="20220420 23:41:35.143" level="INFO">Clicking link 'xpath://html/body/section[2]/div/div/div[1]/form/div/a'.</msg>
<status status="PASS" starttime="20220420 23:41:35.143" endtime="20220420 23:41:35.318"/>
</kw>
<kw name="Sleep" library="BuiltIn">
<arg>1s</arg>
<doc>Pauses the test executed for the given time.</doc>
<msg timestamp="20220420 23:41:36.326" level="INFO">Slept 1 second</msg>
<status status="PASS" starttime="20220420 23:41:35.318" endtime="20220420 23:41:36.326"/>
</kw>
<doc>add to cart</doc>
<tag>user</tag>
<status status="PASS" starttime="20220420 23:41:27.331" endtime="20220420 23:41:36.326"/>
</test>
<test id="s1-t9" name="cart test case" line="141">
<kw name="Click Link" library="SeleniumLibrary">
<arg>xpath://html/body/section[1]/div/ul/li[3]/a</arg>
<doc>Clicks a link identified by ``locator``.</doc>
<msg timestamp="20220420 23:41:36.328" level="INFO">Clicking link 'xpath://html/body/section[1]/div/ul/li[3]/a'.</msg>
<status status="PASS" starttime="20220420 23:41:36.328" endtime="20220420 23:41:36.462"/>
</kw>
<kw name="Sleep" library="BuiltIn">
<arg>2s</arg>
<doc>Pauses the test executed for the given time.</doc>
<msg timestamp="20220420 23:41:38.469" level="INFO">Slept 2 seconds</msg>
<status status="PASS" starttime="20220420 23:41:36.462" endtime="20220420 23:41:38.469"/>
</kw>
<doc>cart</doc>
<tag>user</tag>
<status status="PASS" starttime="20220420 23:41:36.327" endtime="20220420 23:41:38.470"/>
</test>
<test id="s1-t10" name="checkout test case" line="147">
<kw name="Click Link" library="SeleniumLibrary">
<arg>xpath://html/body/a</arg>
<doc>Clicks a link identified by ``locator``.</doc>
<msg timestamp="20220420 23:41:38.472" level="INFO">Clicking link 'xpath://html/body/a'.</msg>
<status status="PASS" starttime="20220420 23:41:38.471" endtime="20220420 23:41:38.733"/>
</kw>
<kw name="Sleep" library="BuiltIn">
<arg>2s</arg>
<doc>Pauses the test executed for the given time.</doc>
<msg timestamp="20220420 23:41:40.744" level="INFO">Slept 2 seconds</msg>
<status status="PASS" starttime="20220420 23:41:38.733" endtime="20220420 23:41:40.744"/>
</kw>
<doc>checkout</doc>
<tag>user</tag>
<status status="PASS" starttime="20220420 23:41:38.471" endtime="20220420 23:41:40.744"/>
</test>
<test id="s1-t11" name="Payment test case" line="153">
<kw name="Input Text" library="SeleniumLibrary">
<arg>name:name</arg>
<arg>Yash</arg>
<doc>Types the given ``text`` into the text field identified by ``locator``.</doc>
<msg timestamp="20220420 23:41:40.745" level="INFO">Typing text 'Yash' into text field 'name:name'.</msg>
<status status="PASS" starttime="20220420 23:41:40.745" endtime="20220420 23:41:40.806"/>
</kw>
<kw name="Sleep" library="BuiltIn">
<arg>1s</arg>
<doc>Pauses the test executed for the given time.</doc>
<msg timestamp="20220420 23:41:41.809" level="INFO">Slept 1 second</msg>
<status status="PASS" starttime="20220420 23:41:40.806" endtime="20220420 23:41:41.809"/>
</kw>
<kw name="Input Text" library="SeleniumLibrary">
<arg>name:product</arg>
<arg>Pune</arg>
<doc>Types the given ``text`` into the text field identified by ``locator``.</doc>
<msg timestamp="20220420 23:41:41.810" level="INFO">Typing text 'Pune' into text field 'name:product'.</msg>
<status status="PASS" starttime="20220420 23:41:41.809" endtime="20220420 23:41:41.865"/>
</kw>
<kw name="Sleep" library="BuiltIn">
<arg>1s</arg>
<doc>Pauses the test executed for the given time.</doc>
<msg timestamp="20220420 23:41:42.873" level="INFO">Slept 1 second</msg>
<status status="PASS" starttime="20220420 23:41:41.866" endtime="20220420 23:41:42.873"/>
</kw>
<kw name="Input Text" library="SeleniumLibrary">
<arg>name:email</arg>
<arg>abc@gmail.com</arg>
<doc>Types the given ``text`` into the text field identified by ``locator``.</doc>
<msg timestamp="20220420 23:41:42.874" level="INFO">Typing text 'abc@gmail.com' into text field 'name:email'.</msg>
<status status="PASS" starttime="20220420 23:41:42.873" endtime="20220420 23:41:42.985"/>
</kw>
<kw name="Sleep" library="BuiltIn">
<arg>1s</arg>
<doc>Pauses the test executed for the given time.</doc>
<msg timestamp="20220420 23:41:43.995" level="INFO">Slept 1 second</msg>
<status status="PASS" starttime="20220420 23:41:42.985" endtime="20220420 23:41:43.995"/>
</kw>
<kw name="Click Button" library="SeleniumLibrary">
<arg>xpath://html/body/div/form/div[5]/button</arg>
<doc>Clicks the button identified by ``locator``.</doc>
<msg timestamp="20220420 23:41:43.996" level="INFO">Clicking button 'xpath://html/body/div/form/div[5]/button'.</msg>
<status status="PASS" starttime="20220420 23:41:43.995" endtime="20220420 23:41:47.315"/>
</kw>
<kw name="Sleep" library="BuiltIn">
<arg>2s</arg>
<doc>Pauses the test executed for the given time.</doc>
<msg timestamp="20220420 23:41:49.330" level="INFO">Slept 2 seconds</msg>
<status status="PASS" starttime="20220420 23:41:47.316" endtime="20220420 23:41:49.330"/>
</kw>
<doc>checkout</doc>
<tag>user</tag>
<status status="PASS" starttime="20220420 23:41:40.745" endtime="20220420 23:41:49.330"/>
</test>
<test id="s1-t12" name="Instamojo test case" line="165">
<kw name="Input Text" library="SeleniumLibrary">
<arg>xpath://html/body/div[3]/div[2]/div/div/div/div/div[2]/div/div/div/div[2]/div/div/div/div/form/div/div/ul/li[3]/div[2]/div/input</arg>
<arg>7350965600</arg>
<doc>Types the given ``text`` into the text field identified by ``locator``.</doc>
<msg timestamp="20220420 23:41:49.332" level="INFO">Typing text '7350965600' into text field 'xpath://html/body/div[3]/div[2]/div/div/div/div/div[2]/div/div/div/div[2]/div/div/div/div/form/div/div/ul/li[3]/div[2]/div/input'.</msg>
<status status="PASS" starttime="20220420 23:41:49.332" endtime="20220420 23:41:49.459"/>
</kw>
<kw name="Sleep" library="BuiltIn">
<arg>2s</arg>
<doc>Pauses the test executed for the given time.</doc>
<msg timestamp="20220420 23:41:51.468" level="INFO">Slept 2 seconds</msg>
<status status="PASS" starttime="20220420 23:41:49.459" endtime="20220420 23:41:51.468"/>
</kw>
<kw name="Click Button" library="SeleniumLibrary">
<arg>xpath://html/body/div[3]/div[2]/div/div/div/div/div[2]/div/div/div/div[2]/div/div/div/div/form/div/div/ul/li[5]/div/button</arg>
<doc>Clicks the button identified by ``locator``.</doc>
<msg timestamp="20220420 23:41:51.470" level="INFO">Clicking button 'xpath://html/body/div[3]/div[2]/div/div/div/div/div[2]/div/div/div/div[2]/div/div/div/div/form/div/div/ul/li[5]/div/button'.</msg>
<status status="PASS" starttime="20220420 23:41:51.469" endtime="20220420 23:41:51.536"/>
</kw>
<kw name="Sleep" library="BuiltIn">
<arg>2s</arg>
<doc>Pauses the test executed for the given time.</doc>
<msg timestamp="20220420 23:41:53.544" level="INFO">Slept 2 seconds</msg>
<status status="PASS" starttime="20220420 23:41:51.536" endtime="20220420 23:41:53.544"/>
</kw>
<doc>Instamojo</doc>
<tag>user</tag>
<status status="PASS" starttime="20220420 23:41:49.331" endtime="20220420 23:41:53.544"/>
</test>
<test id="s1-t13" name="card test case" line="173">
<kw name="Click Link" library="SeleniumLibrary">
<arg>xpath://html/body/div[4]/div[2]/div/div/div/div/div[2]/div/div/div/div[2]/div/div/div/div/div[2]/div/div/ul/li[1]/a</arg>
<doc>Clicks a link identified by ``locator``.</doc>
<msg timestamp="20220420 23:41:53.547" level="INFO">Clicking link 'xpath://html/body/div[4]/div[2]/div/div/div/div/div[2]/div/div/div/div[2]/div/div/div/div/div[2]/div/div/ul/li[1]/a'.</msg>
<msg timestamp="20220420 23:41:53.688" level="INFO" html="true">&lt;/td&gt;&lt;/tr&gt;&lt;tr&gt;&lt;td colspan="3"&gt;&lt;a href="selenium-screenshot-1.png"&gt;&lt;img src="selenium-screenshot-1.png" width="800px"&gt;&lt;/a&gt;</msg>
<msg timestamp="20220420 23:41:53.689" level="FAIL">Link with locator 'xpath://html/body/div[4]/div[2]/div/div/div/div/div[2]/div/div/div/div[2]/div/div/div/div/div[2]/div/div/ul/li[1]/a' not found.</msg>
<status status="FAIL" starttime="20220420 23:41:53.546" endtime="20220420 23:41:53.693"/>
</kw>
<kw name="Sleep" library="BuiltIn">
<arg>1s</arg>
<doc>Pauses the test executed for the given time.</doc>
<status status="NOT RUN" starttime="20220420 23:41:53.693" endtime="20220420 23:41:53.694"/>
</kw>
<kw name="Input Text" library="SeleniumLibrary">
<arg>name:account_number</arg>
<arg>4242 4242 4242 4242</arg>
<doc>Types the given ``text`` into the text field identified by ``locator``.</doc>
<status status="NOT RUN" starttime="20220420 23:41:53.694" endtime="20220420 23:41:53.694"/>
</kw>
<kw name="Sleep" library="BuiltIn">
<arg>1s</arg>
<doc>Pauses the test executed for the given time.</doc>
<status status="NOT RUN" starttime="20220420 23:41:53.694" endtime="20220420 23:41:53.694"/>
</kw>
<kw name="Input Text" library="SeleniumLibrary">
<arg>name:expiry_month</arg>
<arg>12</arg>
<doc>Types the given ``text`` into the text field identified by ``locator``.</doc>
<status status="NOT RUN" starttime="20220420 23:41:53.694" endtime="20220420 23:41:53.694"/>
</kw>
<kw name="Sleep" library="BuiltIn">
<arg>1s</arg>
<doc>Pauses the test executed for the given time.</doc>
<status status="NOT RUN" starttime="20220420 23:41:53.694" endtime="20220420 23:41:53.694"/>
</kw>
<kw name="Input Text" library="SeleniumLibrary">
<arg>name:expiry_year</arg>
<arg>2028</arg>
<doc>Types the given ``text`` into the text field identified by ``locator``.</doc>
<status status="NOT RUN" starttime="20220420 23:41:53.694" endtime="20220420 23:41:53.694"/>
</kw>
<kw name="Sleep" library="BuiltIn">
<arg>1s</arg>
<doc>Pauses the test executed for the given time.</doc>
<status status="NOT RUN" starttime="20220420 23:41:53.695" endtime="20220420 23:41:53.695"/>
</kw>
<kw name="Input Text" library="SeleniumLibrary">
<arg>name:security_code</arg>
<arg>111</arg>
<doc>Types the given ``text`` into the text field identified by ``locator``.</doc>
<status status="NOT RUN" starttime="20220420 23:41:53.695" endtime="20220420 23:41:53.695"/>
</kw>
<kw name="Sleep" library="BuiltIn">
<arg>1s</arg>
<doc>Pauses the test executed for the given time.</doc>
<status status="NOT RUN" starttime="20220420 23:41:53.695" endtime="20220420 23:41:53.695"/>
</kw>
<kw name="Click Button" library="SeleniumLibrary">
<arg>xpath://html/body/div/div/form/div[1]/button[2]</arg>
<doc>Clicks the button identified by ``locator``.</doc>
<status status="NOT RUN" starttime="20220420 23:41:53.695" endtime="20220420 23:41:53.695"/>
</kw>
<kw name="Sleep" library="BuiltIn">
<arg>2s</arg>
<doc>Pauses the test executed for the given time.</doc>
<status status="NOT RUN" starttime="20220420 23:41:53.695" endtime="20220420 23:41:53.695"/>
</kw>
<kw name="Input Text" library="SeleniumLibrary">
<arg>name:txtPassword</arg>
<arg>1221</arg>
<doc>Types the given ``text`` into the text field identified by ``locator``.</doc>
<status status="NOT RUN" starttime="20220420 23:41:53.696" endtime="20220420 23:41:53.696"/>
</kw>
<kw name="Sleep" library="BuiltIn">
<arg>2s</arg>
<doc>Pauses the test executed for the given time.</doc>
<status status="NOT RUN" starttime="20220420 23:41:53.696" endtime="20220420 23:41:53.696"/>
</kw>
<kw name="Click Element" library="SeleniumLibrary">
<arg>xpath://html/body/form/table/tbody/tr[16]/td/div[1]/input[1]</arg>
<doc>Click the element identified by ``locator``.</doc>
<status status="NOT RUN" starttime="20220420 23:41:53.696" endtime="20220420 23:41:53.696"/>
</kw>
<kw name="Sleep" library="BuiltIn">
<arg>3s</arg>
<doc>Pauses the test executed for the given time.</doc>
<status status="NOT RUN" starttime="20220420 23:41:53.696" endtime="20220420 23:41:53.696"/>
</kw>
<kw name="Click Element" library="SeleniumLibrary">
<arg>xpath://html/body/div/button/a</arg>
<doc>Click the element identified by ``locator``.</doc>
<status status="NOT RUN" starttime="20220420 23:41:53.696" endtime="20220420 23:41:53.696"/>
</kw>
<kw name="Sleep" library="BuiltIn">
<arg>2s</arg>
<doc>Pauses the test executed for the given time.</doc>
<status status="NOT RUN" starttime="20220420 23:41:53.696" endtime="20220420 23:41:53.696"/>
</kw>
<kw name="Close Browser" library="SeleniumLibrary">
<doc>Closes the current browser.</doc>
<status status="NOT RUN" starttime="20220420 23:41:53.697" endtime="20220420 23:41:53.697"/>
</kw>
<doc>card</doc>
<tag>user</tag>
<status status="FAIL" starttime="20220420 23:41:53.545" endtime="20220420 23:41:53.697">Link with locator 'xpath://html/body/div[4]/div[2]/div/div/div/div/div[2]/div/div/div/div[2]/div/div/div/div/div[2]/div/div/ul/li[1]/a' not found.</status>
</test>
<status status="FAIL" starttime="20220420 23:40:25.419" endtime="20220420 23:41:53.698"/>
</suite>
<statistics>
<total>
<stat pass="12" fail="1" skip="0">All Tests</stat>
</total>
<tag>
<stat pass="1" fail="0" skip="0">add</stat>
<stat pass="1" fail="0" skip="0">admin</stat>
<stat pass="1" fail="0" skip="0">delete</stat>
<stat pass="1" fail="0" skip="0">search</stat>
<stat pass="7" fail="1" skip="0">user</stat>
<stat pass="1" fail="0" skip="0">viewall</stat>
</tag>
<suite>
<stat pass="12" fail="1" skip="0" id="s1" name="FarmEasy">FarmEasy</stat>
</suite>
</statistics>
<errors>
</errors>
</robot>
