<?xml version="1.0" encoding="UTF-8"?>
<robot generator="Robot 5.0 (Python 3.9.8 on win32)" generated="20220420 22:18:21.020" rpa="false" schemaversion="3">
<suite id="s1" name="FarmEasyAdmin" source="C:\Users\Dell\PycharmProjects\FarmEasy-Automation-using-Robot\Tests\FarmEasyAdmin\FunctionalTestSuite\FarmEasyAdmin.robot">
<test id="s1-t1" name="admin login test case" line="15">
<kw name="Open Browser" library="SeleniumLibrary">
<arg>${url}</arg>
<arg>chrome</arg>
<doc>Opens a new browser instance to the optional ``url``.</doc>
<msg timestamp="20220420 22:18:21.247" level="INFO">Opening browser 'chrome' to base url 'http://127.0.0.1:5000/adminlogin'.</msg>
<status status="PASS" starttime="20220420 22:18:21.247" endtime="20220420 22:18:22.888"/>
</kw>
<kw name="Sleep" library="BuiltIn">
<arg>1s</arg>
<doc>Pauses the test executed for the given time.</doc>
<msg timestamp="20220420 22:18:23.911" level="INFO">Slept 1 second</msg>
<status status="PASS" starttime="20220420 22:18:22.889" endtime="20220420 22:18:23.911"/>
</kw>
<kw name="Maximize Browser Window" library="SeleniumLibrary">
<doc>Maximizes current browser window.</doc>
<status status="PASS" starttime="20220420 22:18:23.911" endtime="20220420 22:18:24.039"/>
</kw>
<kw name="Input Text" library="SeleniumLibrary">
<arg>name:name</arg>
<arg>${username}</arg>
<doc>Types the given ``text`` into the text field identified by ``locator``.</doc>
<msg timestamp="20220420 22:18:24.040" level="INFO">Typing text 'admin' into text field 'name:name'.</msg>
<status status="PASS" starttime="20220420 22:18:24.039" endtime="20220420 22:18:24.118"/>
</kw>
<kw name="Sleep" library="BuiltIn">
<arg>1s</arg>
<doc>Pauses the test executed for the given time.</doc>
<msg timestamp="20220420 22:18:25.121" level="INFO">Slept 1 second</msg>
<status status="PASS" starttime="20220420 22:18:24.118" endtime="20220420 22:18:25.121"/>
</kw>
<kw name="Input Text" library="SeleniumLibrary">
<arg>name:pass</arg>
<arg>${pasword}</arg>
<doc>Types the given ``text`` into the text field identified by ``locator``.</doc>
<msg timestamp="20220420 22:18:25.121" level="INFO">Typing text '12345' into text field 'name:pass'.</msg>
<status status="PASS" starttime="20220420 22:18:25.121" endtime="20220420 22:18:25.182"/>
</kw>
<kw name="Sleep" library="BuiltIn">
<arg>1s</arg>
<doc>Pauses the test executed for the given time.</doc>
<msg timestamp="20220420 22:18:26.183" level="INFO">Slept 1 second</msg>
<status status="PASS" starttime="20220420 22:18:25.183" endtime="20220420 22:18:26.183"/>
</kw>
<kw name="Click Button" library="SeleniumLibrary">
<arg>xpath://html/body/div/div/div/div/form/button</arg>
<doc>Clicks the button identified by ``locator``.</doc>
<msg timestamp="20220420 22:18:26.183" level="INFO">Clicking button 'xpath://html/body/div/div/div/div/form/button'.</msg>
<status status="PASS" starttime="20220420 22:18:26.183" endtime="20220420 22:18:26.368"/>
</kw>
<kw name="Sleep" library="BuiltIn">
<arg>3s</arg>
<doc>Pauses the test executed for the given time.</doc>
<msg timestamp="20220420 22:18:29.375" level="INFO">Slept 3 seconds</msg>
<status status="PASS" starttime="20220420 22:18:26.369" endtime="20220420 22:18:29.375"/>
</kw>
<doc>admin login</doc>
<tag>login</tag>
<status status="PASS" starttime="20220420 22:18:21.247" endtime="20220420 22:18:29.375"/>
</test>
<test id="s1-t2" name="search product test case" line="28">
<kw name="Click Link" library="SeleniumLibrary">
<arg>xpath://html/body/nav[2]/div/div/a[1]</arg>
<doc>Clicks a link identified by ``locator``.</doc>
<msg timestamp="20220420 22:18:29.375" level="INFO">Clicking link 'xpath://html/body/nav[2]/div/div/a[1]'.</msg>
<status status="PASS" starttime="20220420 22:18:29.375" endtime="20220420 22:18:29.472"/>
</kw>
<kw name="Sleep" library="BuiltIn">
<arg>2s</arg>
<doc>Pauses the test executed for the given time.</doc>
<msg timestamp="20220420 22:18:31.479" level="INFO">Slept 2 seconds</msg>
<status status="PASS" starttime="20220420 22:18:29.473" endtime="20220420 22:18:31.479"/>
</kw>
<kw name="Input Text" library="SeleniumLibrary">
<arg>name:pid</arg>
<arg>${productid}</arg>
<doc>Types the given ``text`` into the text field identified by ``locator``.</doc>
<msg timestamp="20220420 22:18:31.479" level="INFO">Typing text '14' into text field 'name:pid'.</msg>
<status status="PASS" starttime="20220420 22:18:31.479" endtime="20220420 22:18:31.536"/>
</kw>
<kw name="Sleep" library="BuiltIn">
<arg>1s</arg>
<doc>Pauses the test executed for the given time.</doc>
<msg timestamp="20220420 22:18:32.541" level="INFO">Slept 1 second</msg>
<status status="PASS" starttime="20220420 22:18:31.537" endtime="20220420 22:18:32.541"/>
</kw>
<kw name="Click Button" library="SeleniumLibrary">
<arg>xpath://html/body/div[1]/div/form/table/tbody/tr[2]/td[2]/button</arg>
<doc>Clicks the button identified by ``locator``.</doc>
<msg timestamp="20220420 22:18:32.541" level="INFO">Clicking button 'xpath://html/body/div[1]/div/form/table/tbody/tr[2]/td[2]/button'.</msg>
<status status="PASS" starttime="20220420 22:18:32.541" endtime="20220420 22:18:32.602"/>
</kw>
<kw name="Sleep" library="BuiltIn">
<arg>3s</arg>
<doc>Pauses the test executed for the given time.</doc>
<msg timestamp="20220420 22:18:35.604" level="INFO">Slept 3 seconds</msg>
<status status="PASS" starttime="20220420 22:18:32.602" endtime="20220420 22:18:35.604"/>
</kw>
<doc>search a product</doc>
<tag>search</tag>
<status status="PASS" starttime="20220420 22:18:29.375" endtime="20220420 22:18:35.605"/>
</test>
<test id="s1-t3" name="add product test case" line="39">
<kw name="Click Link" library="SeleniumLibrary">
<arg>xpath://html/body/nav[1]/div/div/ul/li[1]/a</arg>
<doc>Clicks a link identified by ``locator``.</doc>
<msg timestamp="20220420 22:18:35.612" level="INFO">Clicking link 'xpath://html/body/nav[1]/div/div/ul/li[1]/a'.</msg>
<status status="PASS" starttime="20220420 22:18:35.612" endtime="20220420 22:18:35.714"/>
</kw>
<kw name="Sleep" library="BuiltIn">
<arg>2s</arg>
<doc>Pauses the test executed for the given time.</doc>
<msg timestamp="20220420 22:18:37.725" level="INFO">Slept 2 seconds</msg>
<status status="PASS" starttime="20220420 22:18:35.715" endtime="20220420 22:18:37.725"/>
</kw>
<kw name="Click Link" library="SeleniumLibrary">
<arg>xpath://html/body/nav[2]/div/div/a[2]</arg>
<doc>Clicks a link identified by ``locator``.</doc>
<msg timestamp="20220420 22:18:37.726" level="INFO">Clicking link 'xpath://html/body/nav[2]/div/div/a[2]'.</msg>
<status status="PASS" starttime="20220420 22:18:37.726" endtime="20220420 22:18:37.816"/>
</kw>
<kw name="Sleep" library="BuiltIn">
<arg>1s</arg>
<doc>Pauses the test executed for the given time.</doc>
<msg timestamp="20220420 22:18:38.834" level="INFO">Slept 1 second</msg>
<status status="PASS" starttime="20220420 22:18:37.817" endtime="20220420 22:18:38.834"/>
</kw>
<kw name="Input Text" library="SeleniumLibrary">
<arg>name:pid</arg>
<arg>${pid}</arg>
<doc>Types the given ``text`` into the text field identified by ``locator``.</doc>
<msg timestamp="20220420 22:18:38.836" level="INFO">Typing text '15' into text field 'name:pid'.</msg>
<status status="PASS" starttime="20220420 22:18:38.835" endtime="20220420 22:18:38.921"/>
</kw>
<kw name="Sleep" library="BuiltIn">
<arg>1s</arg>
<doc>Pauses the test executed for the given time.</doc>
<msg timestamp="20220420 22:18:39.933" level="INFO">Slept 1 second</msg>
<status status="PASS" starttime="20220420 22:18:38.922" endtime="20220420 22:18:39.933"/>
</kw>
<kw name="Input Text" library="SeleniumLibrary">
<arg>name:bname</arg>
<arg>${bname}</arg>
<doc>Types the given ``text`` into the text field identified by ``locator``.</doc>
<msg timestamp="20220420 22:18:39.933" level="INFO">Typing text 'Lays' into text field 'name:bname'.</msg>
<status status="PASS" starttime="20220420 22:18:39.933" endtime="20220420 22:18:40.010"/>
</kw>
<kw name="Sleep" library="BuiltIn">
<arg>1s</arg>
<doc>Pauses the test executed for the given time.</doc>
<msg timestamp="20220420 22:18:41.012" level="INFO">Slept 1 second</msg>
<status status="PASS" starttime="20220420 22:18:40.011" endtime="20220420 22:18:41.012"/>
</kw>
<kw name="Input Text" library="SeleniumLibrary">
<arg>name:pname</arg>
<arg>${pname}</arg>
<doc>Types the given ``text`` into the text field identified by ``locator``.</doc>
<msg timestamp="20220420 22:18:41.012" level="INFO">Typing text 'chips' into text field 'name:pname'.</msg>
<status status="PASS" starttime="20220420 22:18:41.012" endtime="20220420 22:18:41.077"/>
</kw>
<kw name="Sleep" library="BuiltIn">
<arg>1s</arg>
<doc>Pauses the test executed for the given time.</doc>
<msg timestamp="20220420 22:18:42.081" level="INFO">Slept 1 second</msg>
<status status="PASS" starttime="20220420 22:18:41.077" endtime="20220420 22:18:42.081"/>
</kw>
<kw name="Choose File" library="SeleniumLibrary">
<arg>name:img</arg>
<arg>C:/Users/Dell/PycharmProjects/FarmEasy/static/uploads/chips.jpg</arg>
<doc>Inputs the ``file_path`` into the file input field ``locator``.</doc>
<msg timestamp="20220420 22:18:42.081" level="INFO">Sending C:\Users\Dell\PycharmProjects\FarmEasy\static\uploads\chips.jpg to browser.</msg>
<status status="PASS" starttime="20220420 22:18:42.081" endtime="20220420 22:18:42.112"/>
</kw>
<kw name="Sleep" library="BuiltIn">
<arg>1s</arg>
<doc>Pauses the test executed for the given time.</doc>
<msg timestamp="20220420 22:18:43.125" level="INFO">Slept 1 second</msg>
<status status="PASS" starttime="20220420 22:18:42.112" endtime="20220420 22:18:43.125"/>
</kw>
<kw name="Input Text" library="SeleniumLibrary">
<arg>name:price</arg>
<arg>${price}</arg>
<doc>Types the given ``text`` into the text field identified by ``locator``.</doc>
<msg timestamp="20220420 22:18:43.125" level="INFO">Typing text '20' into text field 'name:price'.</msg>
<status status="PASS" starttime="20220420 22:18:43.125" endtime="20220420 22:18:43.182"/>
</kw>
<kw name="Sleep" library="BuiltIn">
<arg>1s</arg>
<doc>Pauses the test executed for the given time.</doc>
<msg timestamp="20220420 22:18:44.188" level="INFO">Slept 1 second</msg>
<status status="PASS" starttime="20220420 22:18:43.183" endtime="20220420 22:18:44.188"/>
</kw>
<kw name="Click Button" library="SeleniumLibrary">
<arg>xpath://html/body/div/div/div/form/table/tbody/tr[7]/td[2]/button</arg>
<doc>Clicks the button identified by ``locator``.</doc>
<msg timestamp="20220420 22:18:44.188" level="INFO">Clicking button 'xpath://html/body/div/div/div/form/table/tbody/tr[7]/td[2]/button'.</msg>
<status status="PASS" starttime="20220420 22:18:44.188" endtime="20220420 22:18:44.266"/>
</kw>
<kw name="Sleep" library="BuiltIn">
<arg>1s</arg>
<doc>Pauses the test executed for the given time.</doc>
<msg timestamp="20220420 22:18:45.280" level="INFO">Slept 1 second</msg>
<status status="PASS" starttime="20220420 22:18:44.266" endtime="20220420 22:18:45.280"/>
</kw>
<kw name="Click Link" library="SeleniumLibrary">
<arg>xpath://html/body/nav[1]/div/div/ul/li[1]/a</arg>
<doc>Clicks a link identified by ``locator``.</doc>
<msg timestamp="20220420 22:18:45.280" level="INFO">Clicking link 'xpath://html/body/nav[1]/div/div/ul/li[1]/a'.</msg>
<status status="PASS" starttime="20220420 22:18:45.280" endtime="20220420 22:18:45.382"/>
</kw>
<kw name="Sleep" library="BuiltIn">
<arg>1s</arg>
<doc>Pauses the test executed for the given time.</doc>
<msg timestamp="20220420 22:18:46.386" level="INFO">Slept 1 second</msg>
<status status="PASS" starttime="20220420 22:18:45.383" endtime="20220420 22:18:46.386"/>
</kw>
<doc>adding a product</doc>
<tag>add</tag>
<status status="PASS" starttime="20220420 22:18:35.610" endtime="20220420 22:18:46.386"/>
</test>
<test id="s1-t4" name="delete product test case" line="63">
<kw name="Click Link" library="SeleniumLibrary">
<arg>xpath://html/body/div/div/div/table/tbody/tr[1]/td[5]/a</arg>
<doc>Clicks a link identified by ``locator``.</doc>
<msg timestamp="20220420 22:18:46.388" level="INFO">Clicking link 'xpath://html/body/div/div/div/table/tbody/tr[1]/td[5]/a'.</msg>
<status status="PASS" starttime="20220420 22:18:46.388" endtime="20220420 22:18:46.513"/>
</kw>
<kw name="Sleep" library="BuiltIn">
<arg>3s</arg>
<doc>Pauses the test executed for the given time.</doc>
<msg timestamp="20220420 22:18:49.519" level="INFO">Slept 3 seconds</msg>
<status status="PASS" starttime="20220420 22:18:46.516" endtime="20220420 22:18:49.519"/>
</kw>
<kw name="Click Link" library="SeleniumLibrary">
<arg>xpath://html/body/nav[1]/div/div/ul/li[2]/a</arg>
<doc>Clicks a link identified by ``locator``.</doc>
<msg timestamp="20220420 22:18:49.519" level="INFO">Clicking link 'xpath://html/body/nav[1]/div/div/ul/li[2]/a'.</msg>
<status status="PASS" starttime="20220420 22:18:49.519" endtime="20220420 22:18:49.785"/>
</kw>
<kw name="Sleep" library="BuiltIn">
<arg>5s</arg>
<doc>Pauses the test executed for the given time.</doc>
<msg timestamp="20220420 22:18:54.811" level="INFO">Slept 5 seconds</msg>
<status status="PASS" starttime="20220420 22:18:49.785" endtime="20220420 22:18:54.812"/>
</kw>
<doc>deleting a product</doc>
<tag>delete</tag>
<status status="PASS" starttime="20220420 22:18:46.388" endtime="20220420 22:18:54.812"/>
</test>
<status status="PASS" starttime="20220420 22:18:21.022" endtime="20220420 22:18:54.812"/>
</suite>
<statistics>
<total>
<stat pass="4" fail="0" skip="0">All Tests</stat>
</total>
<tag>
<stat pass="1" fail="0" skip="0">add</stat>
<stat pass="1" fail="0" skip="0">delete</stat>
<stat pass="1" fail="0" skip="0">login</stat>
<stat pass="1" fail="0" skip="0">search</stat>
</tag>
<suite>
<stat pass="4" fail="0" skip="0" id="s1" name="FarmEasyAdmin">FarmEasyAdmin</stat>
</suite>
</statistics>
<errors>
</errors>
</robot>
